============================================================================
Gene Network Inference: MI+CLR vs GRNBoost2
SLURM Job ID: 16515369
Node: binfservas30
Started: Thu Mar  5 13:56:45 CET 2026
============================================================================

[INFO] Activating Python environment...
[INFO] Using Python: /data/users/mbotos/Environments/2026_2_25_PIGS_BTMS+/bin/python
[INFO] Python version: Python 3.9.5

[INFO] Setting up temporary directory...
[INFO] Temporary directory: /scratch/mbotos/network_tmp_1715776

[INFO] Cleaning pip cache...
Files removed: 0 (0 bytes)
Directories removed: 0

[INFO] System Information:
  CPU cores: 64
  Memory: 1.0Ti
  Disk space (home): 903G
  Disk space (scratch): 3.5T

[INFO] GPU Information:
NVIDIA GeForce RTX 2080 Ti, 11264 MiB
NVIDIA GeForce RTX 2080 Ti, 11264 MiB

[INFO] Loading PyTorch module for GPU acceleration...

The following have been reloaded with a version change:
  1) ncurses/6.2 => ncurses/6.2-GCCcore-10.3.0

[INFO] ✓ PyTorch module loaded successfully
 67) PyTorch/1.10.0-foss-2021a-CUDA-11.3.1

[INFO] Verifying PyTorch import...
✓ PyTorch 1.10.0 - CUDA available: True
[INFO] ✓ PyTorch verification successful

============================================================================
Starting Network Inference Analysis
============================================================================

[INFO] Using all available CPU cores for parallel processing
[INFO] Configuration: nbins=5, disc_strategy=quantile
[INFO] Log file: /data/users/mbotos/Environments/2026_2_25_PIGS_BTMS+/workingEnvironment/03_network/NETS_MI_CLR_GRNBoost2/network_analysis_20260305_135652.log
[INFO] Report file: /data/users/mbotos/Environments/2026_2_25_PIGS_BTMS+/workingEnvironment/03_network/NETS_MI_CLR_GRNBoost2/analysis_report_20260305_135652.txt

================================================================================
GENE NETWORK INFERENCE: MI+CLR vs GRNBoost2
================================================================================
Start time: 2026-03-05 13:56:52
================================================================================

[2026-03-05 13:56:52] Starting: Data Loading
--------------------------------------------------------------------------------

================================================================================
LOADING DATA
================================================================================
[INFO] Loading expression data from: /data/users/mbotos/Environments/2026_2_25_PIGS_BTMS+/workingEnvironment/02_counts/logCPM_matrix_filtered_samples.csv
[INFO] Expression matrix shape: (32763, 613) (genes x samples)
[INFO] Loading metadata from: /data/users/mbotos/Environments/2026_2_25_PIGS_BTMS+/workingEnvironment/02_counts/metadata_with_sample_annotations.csv
[INFO] Metadata shape: (1198, 18)
--------------------------------------------------------------------------------
[2026-03-05 13:56:54] Completed: Data Loading
[TIMING] Duration: 2.62 seconds

================================================================================
METHOD 1: MUTUAL INFORMATION + CLR
================================================================================

[2026-03-05 13:56:54] Starting: MI Matrix Computation (Fast histogram-based)
--------------------------------------------------------------------------------
[INFO] Cache found — loading MI matrix from: /data/users/mbotos/Environments/2026_2_25_PIGS_BTMS+/workingEnvironment/03_network/NETS_MI_CLR_GRNBoost2/mi_matrix_cache.npy
[INFO] ✓ Loaded MI matrix: shape=(32763, 32763), size=4.29 GB
--------------------------------------------------------------------------------
[2026-03-05 13:56:56] Completed: MI Matrix Computation (Fast histogram-based)
[TIMING] Duration: 1.61 seconds

[2026-03-05 13:56:56] Starting: CLR Transformation (CPU vectorized)
--------------------------------------------------------------------------------
[INFO] Applying CLR transformation (CPU vectorized)...
[INFO] CLR range: [0.0001, 27.5224]
--------------------------------------------------------------------------------
[2026-03-05 13:57:19] Completed: CLR Transformation (CPU vectorized)
[TIMING] Duration: 23.20 seconds

[2026-03-05 13:57:19] Starting: Network Thresholding
--------------------------------------------------------------------------------
[INFO] Threshold (top 5%): 1.5310
[INFO] Number of edges after thresholding: 26834539
--------------------------------------------------------------------------------
[2026-03-05 13:57:35] Completed: Network Thresholding
[TIMING] Duration: 15.96 seconds

[2026-03-05 13:57:35] Starting: Louvain Clustering (MI+CLR)
--------------------------------------------------------------------------------
[INFO] Performing Louvain clustering...
[INFO] Number of modules: 2367
[INFO] Module sizes: [13434, 3771, 4971, 5335, 2802, 2, 1, 1, 1, 32, 1, 1, 1, 1, 1, 1, 1, 1, 1, 1, 1, 1, 1, 1, 1, 1, 1, 1, 1, 1, 1, 1, 1, 1, 1, 1, 1, 1, 1, 1, 1, 1, 1, 1, 1, 1, 1, 1, 1, 1, 1, 1, 1, 1, 1, 1, 1, 1, 1, 1, 1, 1, 1, 1, 1, 1, 1, 1, 1, 1, 1, 1, 1, 1, 1, 1, 1, 1, 1, 1, 1, 1, 1, 1, 1, 1, 1, 1, 1, 1, 1, 1, 1, 1, 1, 1, 1, 1, 1, 1, 1, 1, 1, 1, 1, 1, 1, 1, 1, 1, 1, 1, 1, 1, 1, 1, 1, 1, 1, 1, 1, 11, 1, 1, 1, 1, 1, 1, 1, 1, 1, 1, 1, 1, 1, 1, 1, 1, 1, 1, 1, 1, 1, 1, 1, 1, 1, 1, 1, 1, 1, 1, 1, 1, 1, 6, 1, 1, 1, 1, 1, 1, 1, 1, 1, 1, 1, 1, 1, 1, 1, 1, 1, 1, 1, 1, 1, 1, 1, 1, 1, 1, 1, 1, 1, 1, 1, 1, 1, 1, 1, 1, 1, 1, 1, 1, 1, 1, 1, 1, 1, 1, 1, 1, 1, 1, 6, 1, 1, 1, 1, 1, 1, 1, 1, 1, 1, 1, 1, 1, 1, 1, 1, 1, 1, 1, 1, 1, 1, 1, 1, 1, 1, 1, 1, 1, 1, 1, 1, 1, 1, 1, 1, 1, 1, 1, 1, 1, 1, 1, 1, 1, 1, 1, 1, 1, 1, 1, 1, 1, 1, 1, 1, 1, 1, 1, 1, 1, 1, 1, 1, 1, 1, 1, 1, 1, 1, 1, 7, 1, 1, 1, 3, 1, 4, 3, 2, 1, 1, 1, 1, 1, 3, 1, 1, 1, 1, 1, 1, 1, 2, 1, 1, 1, 1, 1, 1, 1, 1, 1, 1, 1, 1, 1, 1, 1, 1, 1, 1, 1, 1, 1, 1, 1, 1, 1, 1, 1, 1, 1, 1, 1, 1, 1, 1, 1, 1, 1, 1, 1, 1, 1, 1, 1, 1, 1, 1, 1, 1, 1, 1, 1, 1, 1, 1, 1, 1, 1, 1, 1, 1, 1, 1, 1, 1, 2, 1, 1, 1, 1, 1, 1, 1, 1, 1, 1, 1, 1, 1, 1, 1, 1, 1, 1, 1, 1, 1, 1, 1, 2, 1, 1, 1, 1, 1, 1, 1, 1, 1, 1, 1, 1, 1, 1, 1, 1, 1, 1, 1, 1, 1, 1, 1, 1, 1, 1, 1, 1, 1, 1, 1, 1, 1, 1, 1, 1, 1, 1, 1, 1, 1, 1, 1, 1, 1, 1, 1, 1, 1, 1, 1, 1, 1, 1, 1, 1, 1, 1, 1, 1, 2, 1, 1, 1, 1, 1, 1, 1, 1, 1, 1, 1, 1, 1, 1, 1, 1, 1, 1, 1, 1, 1, 1, 1, 1, 1, 1, 1, 1, 1, 1, 1, 1, 1, 1, 1, 1, 1, 1, 1, 1, 1, 1, 1, 1, 1, 1, 1, 1, 1, 1, 1, 1, 1, 1, 1, 1, 1, 1, 1, 1, 1, 1, 1, 1, 1, 1, 1, 1, 1, 1, 1, 1, 1, 1, 1, 1, 1, 1, 1, 1, 1, 1, 1, 1, 1, 1, 1, 1, 1, 1, 1, 1, 1, 1, 1, 1, 1, 1, 1, 1, 1, 1, 1, 1, 1, 1, 1, 1, 1, 1, 1, 1, 1, 1, 1, 1, 1, 1, 1, 1, 1, 1, 1, 1, 1, 1, 1, 1, 1, 1, 1, 1, 1, 1, 1, 1, 1, 1, 1, 1, 1, 1, 1, 1, 1, 1, 1, 1, 1, 1, 1, 1, 1, 1, 1, 1, 1, 1, 1, 1, 1, 1, 1, 1, 1, 1, 1, 2, 1, 1, 1, 2, 1, 1, 1, 1, 1, 1, 1, 1, 1, 1, 1, 1, 1, 1, 1, 1, 1, 1, 1, 1, 1, 1, 1, 1, 1, 1, 1, 1, 1, 1, 1, 1, 1, 1, 1, 1, 1, 1, 1, 1, 1, 1, 1, 1, 1, 1, 1, 1, 1, 1, 1, 1, 1, 1, 1, 1, 1, 1, 1, 1, 1, 1, 1, 1, 1, 1, 1, 1, 1, 1, 1, 1, 1, 1, 1, 1, 1, 1, 1, 1, 1, 1, 1, 1, 1, 1, 1, 1, 1, 1, 1, 1, 1, 1, 1, 1, 1, 1, 1, 1, 1, 1, 1, 1, 1, 1, 1, 1, 1, 1, 1, 1, 1, 1, 1, 1, 1, 1, 1, 1, 1, 1, 1, 1, 1, 1, 1, 1, 1, 1, 1, 1, 1, 1, 1, 1, 1, 1, 1, 1, 1, 2, 1, 1, 1, 1, 1, 1, 1, 1, 1, 1, 1, 1, 1, 1, 2, 1, 1, 1, 1, 1, 1, 1, 1, 1, 1, 1, 1, 1, 1, 1, 1, 1, 1, 1, 1, 1, 1, 1, 1, 1, 1, 1, 1, 1, 1, 1, 1, 1, 1, 1, 1, 1, 2, 1, 1, 1, 1, 1, 1, 1, 1, 1, 1, 1, 1, 1, 1, 1, 1, 1, 1, 1, 1, 1, 1, 1, 1, 1, 1, 1, 1, 1, 1, 1, 1, 1, 1, 1, 1, 1, 1, 1, 1, 1, 1, 1, 1, 1, 1, 1, 1, 1, 1, 1, 1, 1, 1, 1, 1, 1, 1, 1, 1, 1, 1, 1, 1, 1, 1, 1, 1, 1, 1, 1, 1, 1, 1, 1, 1, 1, 1, 1, 1, 1, 1, 1, 1, 1, 1, 1, 1, 1, 1, 1, 1, 1, 1, 1, 1, 1, 1, 1, 1, 1, 1, 1, 2, 1, 1, 1, 1, 1, 1, 1, 1, 1, 1, 1, 1, 1, 1, 1, 1, 1, 1, 1, 1, 1, 1, 1, 1, 1, 1, 1, 1, 1, 1, 1, 1, 1, 1, 1, 1, 1, 1, 1, 1, 1, 1, 1, 1, 1, 1, 1, 1, 1, 1, 1, 1, 1, 1, 1, 1, 1, 1, 1, 1, 1, 1, 1, 1, 1, 1, 1, 1, 1, 1, 1, 1, 1, 1, 1, 1, 1, 1, 1, 1, 1, 1, 1, 1, 1, 1, 1, 1, 1, 1, 1, 1, 1, 1, 1, 1, 1, 1, 1, 1, 1, 1, 1, 1, 1, 1, 1, 1, 1, 1, 1, 1, 1, 1, 1, 1, 1, 1, 1, 1, 1, 1, 1, 1, 1, 1, 1, 1, 1, 1, 1, 1, 1, 1, 1, 1, 1, 1, 1, 1, 1, 1, 1, 1, 1, 1, 1, 1, 1, 1, 1, 1, 1, 1, 1, 1, 1, 1, 1, 1, 1, 1, 1, 1, 1, 1, 1, 1, 1, 1, 1, 1, 1, 1, 1, 1, 1, 1, 1, 1, 1, 1, 1, 1, 1, 1, 1, 1, 1, 1, 1, 1, 1, 1, 1, 1, 1, 1, 1, 1, 1, 1, 1, 1, 1, 1, 1, 1, 1, 1, 1, 1, 1, 1, 1, 1, 1, 1, 1, 1, 1, 1, 1, 1, 1, 1, 1, 1, 1, 1, 1, 1, 1, 1, 1, 1, 1, 1, 1, 1, 1, 1, 1, 1, 1, 1, 1, 1, 1, 1, 1, 1, 1, 1, 1, 1, 1, 1, 1, 1, 1, 1, 1, 1, 1, 1, 1, 1, 1, 1, 1, 1, 1, 1, 1, 1, 1, 1, 1, 1, 1, 1, 1, 1, 1, 1, 1, 1, 1, 1, 1, 1, 1, 1, 1, 1, 1, 1, 1, 1, 1, 1, 1, 1, 1, 1, 1, 1, 1, 1, 1, 1, 1, 1, 1, 1, 1, 1, 1, 3, 1, 1, 1, 1, 1, 1, 1, 1, 1, 1, 1, 1, 1, 1, 1, 1, 1, 1, 1, 1, 1, 1, 1, 1, 1, 1, 1, 1, 1, 1, 1, 1, 1, 1, 1, 1, 1, 1, 1, 1, 1, 1, 1, 1, 1, 1, 1, 1, 1, 1, 1, 1, 1, 1, 1, 1, 1, 1, 1, 1, 1, 1, 1, 1, 1, 1, 1, 1, 1, 1, 1, 1, 1, 1, 1, 1, 1, 1, 1, 1, 1, 1, 1, 1, 1, 1, 1, 1, 1, 1, 1, 1, 1, 1, 1, 1, 1, 1, 1, 1, 1, 1, 1, 1, 1, 1, 1, 2, 1, 1, 1, 1, 1, 1, 1, 1, 1, 1, 1, 1, 1, 1, 1, 1, 1, 1, 1, 1, 1, 1, 1, 1, 1, 1, 1, 1, 1, 1, 1, 1, 1, 1, 1, 1, 1, 1, 1, 1, 1, 1, 1, 1, 1, 1, 1, 1, 1, 1, 1, 1, 1, 1, 1, 1, 1, 1, 1, 1, 1, 1, 1, 1, 1, 1, 1, 1, 1, 1, 1, 1, 1, 1, 1, 1, 1, 1, 1, 1, 1, 1, 1, 1, 1, 1, 1, 1, 1, 1, 1, 2, 1, 1, 1, 1, 1, 1, 1, 1, 1, 1, 1, 1, 1, 1, 1, 1, 2, 1, 1, 1, 1, 1, 1, 1, 1, 1, 1, 1, 1, 1, 1, 1, 1, 1, 1, 1, 1, 1, 1, 1, 1, 1, 1, 1, 1, 1, 1, 1, 1, 1, 1, 1, 1, 1, 1, 1, 1, 1, 1, 1, 1, 1, 1, 1, 1, 1, 1, 1, 1, 1, 1, 1, 1, 1, 1, 1, 1, 1, 1, 1, 1, 1, 1, 1, 1, 1, 1, 1, 1, 1, 1, 1, 1, 1, 1, 1, 1, 1, 1, 1, 1, 1, 1, 1, 1, 1, 1, 1, 1, 1, 1, 1, 1, 1, 1, 1, 1, 1, 1, 1, 1, 1, 1, 1, 1, 1, 1, 1, 1, 1, 1, 1, 1, 1, 1, 1, 1, 1, 1, 1, 2, 1, 1, 1, 1, 1, 1, 1, 1, 1, 1, 1, 1, 1, 1, 1, 1, 1, 1, 1, 1, 1, 1, 1, 1, 1, 1, 1, 1, 1, 1, 1, 1, 1, 1, 1, 1, 1, 1, 1, 1, 1, 1, 1, 1, 1, 3, 1, 1, 1, 1, 1, 1, 1, 1, 1, 1, 1, 1, 1, 1, 1, 1, 1, 1, 1, 1, 1, 1, 1, 1, 1, 1, 1, 1, 1, 1, 1, 1, 1, 1, 1, 1, 1, 1, 1, 1, 1, 1, 1, 1, 1, 1, 1, 1, 1, 1, 1, 1, 1, 1, 1, 1, 1, 1, 1, 1, 1, 1, 1, 1, 1, 1, 1, 1, 1, 1, 1, 1, 1, 1, 1, 1, 1, 1, 1, 1, 1, 1, 1, 1, 1, 1, 1, 1, 1, 1, 1, 1, 1, 1, 1, 1, 1, 1, 1, 1, 1, 1, 1, 1, 1, 1, 1, 1, 1, 1, 1, 1, 1, 1, 1, 1, 1, 1, 1, 1, 1, 1, 1, 1, 1, 1, 1, 1, 1, 1, 1, 1, 1, 1, 1, 1, 1, 1, 1, 1, 1, 1, 1, 1, 1, 1, 1, 1, 1, 1, 1, 1, 1, 1, 1, 1, 1, 1, 1, 1, 1, 1, 1, 1, 1, 1, 1, 1, 1, 1, 1, 1, 1, 1, 1, 1, 1, 1, 1, 1, 1, 1, 1, 1, 1, 1, 1, 1, 1, 1, 1, 1, 1, 1, 1, 1, 1, 1, 1, 1, 1, 1, 1, 1, 1, 1, 1, 1, 1, 1, 1, 1, 1, 1, 1, 1, 1, 1, 1, 1, 1, 1, 1, 1, 1, 1, 1, 1, 1, 1, 1, 1, 1, 1, 1, 1, 1, 1, 1, 1, 1, 1, 1, 1, 1, 1, 1, 1, 1, 1, 1, 1, 1, 1, 1, 1, 1, 1, 1, 1, 1, 1, 1, 1, 1, 1, 1, 1, 1, 1, 1, 1, 1, 1, 1, 1, 1, 1, 1, 1, 1, 1, 1, 1, 1, 1, 1, 1, 1, 1, 1, 1, 1, 1, 1, 1, 1, 1, 1, 1, 1, 1, 1, 1, 1, 1, 1, 1, 1, 1, 1, 1, 1, 1, 1, 1, 1, 1, 1, 1, 1, 1, 1, 1, 1, 1, 1, 1, 1, 1, 1, 1, 1, 1, 1, 1, 1, 1, 1, 1, 1, 1, 1, 1, 1, 1, 1, 1, 1, 1, 1, 1, 1, 1, 1, 1, 1, 1, 1, 1, 1, 1, 1, 1, 1, 1, 1, 1, 1, 1, 1, 1, 1, 1, 1, 1, 1, 1, 1, 1, 1, 1, 1, 1, 1, 1, 1, 1, 1, 1, 1, 1, 1, 1, 1, 1, 1, 1, 1, 1, 1, 1, 1, 1, 1, 1, 1, 1, 1, 1, 1, 2, 1, 1, 1, 1, 1, 1, 1, 1, 1, 1, 1, 1, 1, 1, 1, 1, 1, 1, 1, 1, 1, 1, 1, 1, 1, 1, 1, 1, 1, 1, 1, 1, 1, 1, 1, 1, 1, 1, 1, 1, 1, 1, 1, 1, 1, 1, 1, 1, 1, 1, 1, 1, 1, 2, 1, 1, 1, 1, 1, 1, 1, 1, 1, 1, 1, 1, 1, 1, 1, 1, 1, 1, 1, 1, 1, 1, 1, 1, 1, 1, 1, 1, 1, 1, 1, 1, 1, 1, 1, 1, 1, 1, 1, 1, 1, 1, 1, 1, 1, 1, 1, 1, 1, 1, 1, 1, 1, 1, 1, 1, 1, 1, 1, 1, 1, 1, 1, 1, 1, 1, 1, 1, 1, 1, 1, 1, 1, 1, 1, 1, 1, 1, 1, 1, 1, 1, 1, 1, 1, 1, 1, 1, 1, 1, 1, 1, 1, 1, 1, 1, 1, 1, 1, 1, 1, 1, 1, 1, 1, 1, 1, 1, 1, 1, 1, 1, 1, 1, 1, 1, 1, 1, 1, 1, 1, 1, 1, 1, 1, 1, 1, 1, 1, 1, 1, 1, 1, 1, 1, 1, 1, 1, 1, 1, 1, 1, 1, 1, 1, 1, 1, 1, 1, 1, 1, 1, 1, 1, 1, 1, 1, 1, 1, 1, 1, 1, 1, 1, 1, 1, 1, 1, 1, 1, 1, 1, 1, 1, 1, 1, 1, 1, 1, 1, 1, 1, 1, 1, 1, 1, 1, 1, 1, 1, 1, 1, 1, 1, 1, 1, 1, 1, 1, 1, 1, 1, 1, 1, 1, 1, 1, 1, 1, 1, 1, 1, 1, 1, 1, 1, 1, 1, 1, 1, 1, 1, 1, 1, 1, 1, 1, 1, 1, 1, 1, 1, 1, 1, 1, 1, 1, 1, 1, 1, 1, 1, 1, 1, 1, 1, 1, 1, 1, 1, 1, 1, 1, 1, 1, 1, 1, 1, 1, 1, 1, 1, 1, 1, 1, 1, 1, 1, 1, 1, 1, 1]
--------------------------------------------------------------------------------
[2026-03-05 13:58:37] Completed: Louvain Clustering (MI+CLR)
[TIMING] Duration: 1.04 minutes (62.4s)

[2026-03-05 13:58:37] Starting: Saving MI+CLR Results
--------------------------------------------------------------------------------

[INFO] Saving mi_clr_python results...
[INFO] Output directory: /data/users/mbotos/Environments/2026_2_25_PIGS_BTMS+/workingEnvironment/03_network/NETS_MI_CLR_GRNBoost2
[INFO] Vectorized edge extraction: 26,834,548 edges
[SAVED] /data/users/mbotos/Environments/2026_2_25_PIGS_BTMS+/workingEnvironment/03_network/NETS_MI_CLR_GRNBoost2/CLR_adjacency_matrix_mi_clr_python.mtx
[SAVED] /data/users/mbotos/Environments/2026_2_25_PIGS_BTMS+/workingEnvironment/03_network/NETS_MI_CLR_GRNBoost2/CLR_network_edgelist_mi_clr_python.txt
[SAVED] /data/users/mbotos/Environments/2026_2_25_PIGS_BTMS+/workingEnvironment/03_network/NETS_MI_CLR_GRNBoost2/CLR_network_weighted_mi_clr_python.txt
[SAVED] /data/users/mbotos/Environments/2026_2_25_PIGS_BTMS+/workingEnvironment/03_network/NETS_MI_CLR_GRNBoost2/CLR_network_mi_clr_python.graphml
[SAVED] /data/users/mbotos/Environments/2026_2_25_PIGS_BTMS+/workingEnvironment/03_network/NETS_MI_CLR_GRNBoost2/node_modules_mi_clr_python.txt
[SAVED] /data/users/mbotos/Environments/2026_2_25_PIGS_BTMS+/workingEnvironment/03_network/NETS_MI_CLR_GRNBoost2/BTM_modules_mi_clr_python.tsv
--------------------------------------------------------------------------------
[2026-03-05 14:03:15] Completed: Saving MI+CLR Results
[TIMING] Duration: 4.64 minutes (278.1s)

================================================================================
METHOD 2: GRNBoost2
================================================================================

[2026-03-05 14:03:15] Starting: GRNBoost2 Inference
--------------------------------------------------------------------------------

--------------------------------------------------------------------------------
METHOD 2: GRNBoost2
--------------------------------------------------------------------------------
[ERROR] arboreto not installed. Install with: pip install arboreto
[INFO] Skipping GRNBoost2 analysis
--------------------------------------------------------------------------------
[2026-03-05 14:03:15] Completed: GRNBoost2 Inference
[TIMING] Duration: 0.01 seconds

================================================================================
PIPELINE COMPLETE
================================================================================
End time: 2026-03-05 14:03:15
Total runtime: 6.40 minutes (384.0s)
================================================================================

TIMING SUMMARY:
--------------------------------------------------------------------------------
Saving MI+CLR Results                             : 4.64 minutes (278.1s) ( 72.4%)
Louvain Clustering (MI+CLR)                       : 1.04 minutes (62.4s) ( 16.3%)
CLR Transformation (CPU vectorized)               :        23.20 seconds (  6.0%)
Network Thresholding                              :        15.96 seconds (  4.2%)
Data Loading                                      :         2.62 seconds (  0.7%)
MI Matrix Computation (Fast histogram-based)      :         1.61 seconds (  0.4%)
GRNBoost2 Inference                               :         0.01 seconds (  0.0%)
--------------------------------------------------------------------------------
TOTAL                                             : 6.40 minutes (384.0s)

All results saved to: /data/users/mbotos/Environments/2026_2_25_PIGS_BTMS+/workingEnvironment/03_network/NETS_MI_CLR_GRNBoost2

Output files:
  - CLR_adjacency_matrix_mi_clr_python.mtx
  - CLR_network_edgelist_mi_clr_python.txt
  - CLR_network_weighted_mi_clr_python.txt
  - CLR_network_mi_clr_python.graphml
  - BTM_modules_mi_clr_python.tsv

[INFO] Analysis report saved to: /data/users/mbotos/Environments/2026_2_25_PIGS_BTMS+/workingEnvironment/03_network/NETS_MI_CLR_GRNBoost2/analysis_report_20260305_135652.txt

================================================================================
Log file: /data/users/mbotos/Environments/2026_2_25_PIGS_BTMS+/workingEnvironment/03_network/NETS_MI_CLR_GRNBoost2/network_analysis_20260305_135652.log
Report file: /data/users/mbotos/Environments/2026_2_25_PIGS_BTMS+/workingEnvironment/03_network/NETS_MI_CLR_GRNBoost2/analysis_report_20260305_135652.txt
================================================================================


============================================================================
Job Complete!
============================================================================
Ended: Thu Mar  5 14:03:16 CET 2026
Total runtime: 0h 6m 26s
============================================================================

[INFO] Cleaning up temporary files...
[INFO] Cleanup complete

Output files generated:
-rw-rw-r--. 1 mbotos mbotos  18M Mar  4 16:44 submodule_M.4_1.graphml
-rw-rw-r--. 1 mbotos mbotos  50M Mar  4 16:44 submodule_M.4_2.graphml
-rw-rw-r--. 1 mbotos mbotos  63M Mar  4 16:44 submodule_M.4_3.graphml
-rw-rw-r--. 1 mbotos mbotos  28M Mar  4 16:44 submodule_M.4_4.graphml
-rw-rw-r--. 1 mbotos mbotos  31M Mar  4 16:44 submodule_M.5_1.graphml
-rw-rw-r--. 1 mbotos mbotos 105M Mar  4 16:44 submodule_M.5_2.graphml
-rw-rw-r--. 1 mbotos mbotos 6.4M Mar  4 16:44 submodule_M.5_3.graphml
-rw-rw-r--. 1 mbotos mbotos 5.8M Mar  4 16:44 submodule_M.5_4.graphml
-rw-rw-r--. 1 mbotos mbotos  659 Mar  4 16:44 submodule_M.5_5.graphml
-rw-rw-r--. 1 mbotos mbotos 1.1K Mar  4 16:44 submodule_M.5_6.graphml
-rw-rw-r--. 1 mbotos mbotos  659 Mar  4 16:44 submodule_M.5_7.graphml
-rw-rw-r--. 1 mbotos mbotos  23M Mar  4 16:44 submodule_M.6_1.graphml
-rw-rw-r--. 1 mbotos mbotos  26M Mar  4 16:44 submodule_M.6_2.graphml
-rw-rw-r--. 1 mbotos mbotos 6.5M Mar  4 16:44 submodule_M.6_3.graphml
-rw-rw-r--. 1 mbotos mbotos  33K Mar  4 16:44 submodule_M.6_4.graphml
-rw-rw-r--. 1 mbotos mbotos  964 Mar  4 16:44 submodule_M.6_5.graphml
-rw-rw-r--. 1 mbotos mbotos 1.2K Mar  4 16:44 submodule_M.6_6.graphml
-rw-rw-r--. 1 mbotos mbotos  659 Mar  4 16:44 submodule_M.6_7.graphml
-rw-rw-r--. 1 mbotos mbotos  659 Mar  4 16:44 submodule_M.6_8.graphml
-rw-rw-r--. 1 mbotos mbotos 711K Mar  4 15:31 submodules_spearman_louvain_leiden.tsv

============================================================================
Check the following files for results:
  - network_analysis_*.log     : Complete execution log
  - analysis_report_*.txt      : Summary report with timings
  - slurm_16515369_*.out/err : SLURM job output
============================================================================
