============================================================================
Gene Network Inference: MI+CLR vs GRNBoost2
SLURM Job ID: 16515363
Node: binfservas30
Started: Thu Mar  5 13:38:47 CET 2026
============================================================================

[INFO] Activating Python environment...
[INFO] Using Python: /data/users/mbotos/Environments/2026_2_25_PIGS_BTMS+/bin/python
[INFO] Python version: Python 3.9.5

[INFO] Setting up temporary directory...
[INFO] Temporary directory: /scratch/mbotos/network_tmp_1709118

[INFO] Cleaning pip cache...
Files removed: 0 (0 bytes)
Directories removed: 0

[INFO] System Information:
  CPU cores: 64
  Memory: 1.0Ti
  Disk space (home): 903G
  Disk space (scratch): 3.5T

[INFO] GPU Information:
NVIDIA GeForce RTX 2080 Ti, 11264 MiB
NVIDIA GeForce RTX 2080 Ti, 11264 MiB

[INFO] Loading PyTorch module for GPU acceleration...

The following have been reloaded with a version change:
  1) ncurses/6.2 => ncurses/6.2-GCCcore-10.3.0

[INFO] ✓ PyTorch module loaded successfully
 67) PyTorch/1.10.0-foss-2021a-CUDA-11.3.1

[INFO] Verifying PyTorch import...
✓ PyTorch 1.10.0 - CUDA available: True
[INFO] ✓ PyTorch verification successful

============================================================================
Starting Network Inference Analysis
============================================================================

[INFO] Using all available CPU cores for parallel processing
[INFO] Configuration: nbins=5, disc_strategy=quantile
[INFO] Log file: /data/users/mbotos/Environments/2026_2_25_PIGS_BTMS+/workingEnvironment/03_network/NETS_MI_CLR_GRNBoost2/network_analysis_20260305_133854.log
[INFO] Report file: /data/users/mbotos/Environments/2026_2_25_PIGS_BTMS+/workingEnvironment/03_network/NETS_MI_CLR_GRNBoost2/analysis_report_20260305_133854.txt

================================================================================
GENE NETWORK INFERENCE: MI+CLR vs GRNBoost2
================================================================================
Start time: 2026-03-05 13:38:54
================================================================================

[2026-03-05 13:38:54] Starting: Data Loading
--------------------------------------------------------------------------------

================================================================================
LOADING DATA
================================================================================
[INFO] Loading expression data from: /data/users/mbotos/Environments/2026_2_25_PIGS_BTMS+/workingEnvironment/02_counts/logCPM_matrix_filtered_samples.csv
[INFO] Expression matrix shape: (32763, 613) (genes x samples)
[INFO] Loading metadata from: /data/users/mbotos/Environments/2026_2_25_PIGS_BTMS+/workingEnvironment/02_counts/metadata_with_sample_annotations.csv
[INFO] Metadata shape: (1198, 18)
--------------------------------------------------------------------------------
[2026-03-05 13:38:57] Completed: Data Loading
[TIMING] Duration: 2.59 seconds

================================================================================
METHOD 1: MUTUAL INFORMATION + CLR
================================================================================

[2026-03-05 13:38:57] Starting: MI Matrix Computation (Fast histogram-based)
--------------------------------------------------------------------------------

--------------------------------------------------------------------------------
METHOD 1: MUTUAL INFORMATION + CLR (Fast histogram-based)
--------------------------------------------------------------------------------
[INFO] Discretizing 32763 genes with 5 bins (quantile)...
[INFO] Discretizing expression data: 5 bins, strategy=quantile
[INFO] Computing MI matrix for 32763 genes using -1 cores...
[INFO] Using fast histogram-based MI (50-100x faster than sklearn)...
