============================================================================
Gene Network Inference: MI+CLR vs GRNBoost2
SLURM Job ID: 16515513
Node: binfservas30
Started: Thu Mar  5 14:48:42 CET 2026
============================================================================

[INFO] Activating Python environment...
[INFO] Using Python: /data/users/mbotos/Environments/2026_2_25_PIGS_BTMS+/bin/python
[INFO] Python version: Python 3.9.5

[INFO] Setting up temporary directory...
[INFO] Temporary directory: /scratch/mbotos/network_tmp_1733635

[INFO] Cleaning pip cache...
Files removed: 0 (0 bytes)
Directories removed: 0

[INFO] System Information:
  CPU cores: 64
  Memory: 1.0Ti
  Disk space (home): 903G
  Disk space (scratch): 3.5T

[INFO] GPU Information:
NVIDIA GeForce RTX 2080 Ti, 11264 MiB
NVIDIA GeForce RTX 2080 Ti, 11264 MiB

[INFO] Loading PyTorch module for GPU acceleration...

The following have been reloaded with a version change:
  1) ncurses/6.2 => ncurses/6.2-GCCcore-10.3.0

[INFO] ✓ PyTorch module loaded successfully
 67) PyTorch/1.10.0-foss-2021a-CUDA-11.3.1

[INFO] Re-activating virtualenv and resetting PYTHONPATH to venv only...
[INFO] Using Python: /data/users/mbotos/Environments/2026_2_25_PIGS_BTMS+/bin/python
[INFO] PYTHONPATH: /data/users/mbotos/Environments/2026_2_25_PIGS_BTMS+/lib/python3.9/site-packages
[INFO] NUMEXPR_DISABLED: 1

[INFO] Verifying PyTorch import...
Traceback (most recent call last):
  File "<string>", line 1, in <module>
ModuleNotFoundError: No module named 'torch'
[WARNING] PyTorch import failed - installing pkg_resources compatibility...
Traceback (most recent call last):
  File "<string>", line 1, in <module>
ModuleNotFoundError: No module named 'torch'
[WARNING] PyTorch still not working - GPU acceleration may not be available
[INFO] Analysis will continue with CPU-only CLR

============================================================================
Starting Network Inference Analysis
============================================================================

[INFO] Using all available CPU cores for parallel processing
[INFO] Configuration: nbins=5, disc_strategy=quantile
[INFO] Log file: /data/users/mbotos/Environments/2026_2_25_PIGS_BTMS+/workingEnvironment/03_network/NETS_MI_CLR_GRNBoost2/network_analysis_20260305_144847.log
[INFO] Report file: /data/users/mbotos/Environments/2026_2_25_PIGS_BTMS+/workingEnvironment/03_network/NETS_MI_CLR_GRNBoost2/analysis_report_20260305_144847.txt

================================================================================
GENE NETWORK INFERENCE: MI+CLR vs GRNBoost2
================================================================================
Start time: 2026-03-05 14:48:47
================================================================================

[2026-03-05 14:48:47] Starting: Data Loading
--------------------------------------------------------------------------------

================================================================================
LOADING DATA
================================================================================
[INFO] Loading expression data from: /data/users/mbotos/Environments/2026_2_25_PIGS_BTMS+/workingEnvironment/02_counts/logCPM_matrix_filtered_samples.csv
[INFO] Expression matrix shape: (32763, 613) (genes x samples)
[INFO] Loading metadata from: /data/users/mbotos/Environments/2026_2_25_PIGS_BTMS+/workingEnvironment/02_counts/metadata_with_sample_annotations.csv
[INFO] Metadata shape: (1198, 18)
--------------------------------------------------------------------------------
[2026-03-05 14:48:50] Completed: Data Loading
[TIMING] Duration: 2.80 seconds

================================================================================
METHOD 1: MUTUAL INFORMATION + CLR
================================================================================

[2026-03-05 14:48:50] Starting: MI Matrix Computation (Fast histogram-based)
--------------------------------------------------------------------------------
[INFO] Cache found — loading MI matrix from: /data/users/mbotos/Environments/2026_2_25_PIGS_BTMS+/workingEnvironment/03_network/NETS_MI_CLR_GRNBoost2/mi_matrix_cache.npy
[INFO] ✓ Loaded MI matrix: shape=(32763, 32763), size=4.29 GB
--------------------------------------------------------------------------------
[2026-03-05 14:48:51] Completed: MI Matrix Computation (Fast histogram-based)
[TIMING] Duration: 1.30 seconds

[2026-03-05 14:48:51] Starting: CLR Transformation (CPU vectorized)
--------------------------------------------------------------------------------
[INFO] Applying CLR transformation (CPU vectorized)...
[INFO] CLR range: [0.0001, 27.5224]
--------------------------------------------------------------------------------
[2026-03-05 14:49:16] Completed: CLR Transformation (CPU vectorized)
[TIMING] Duration: 25.46 seconds

[2026-03-05 14:49:16] Starting: Network Thresholding
--------------------------------------------------------------------------------
[INFO] Threshold (top 5%): 1.5310
[INFO] Number of edges after thresholding: 26834539
--------------------------------------------------------------------------------
[2026-03-05 14:49:31] Completed: Network Thresholding
[TIMING] Duration: 14.26 seconds

[2026-03-05 14:49:31] Starting: Louvain Clustering (MI+CLR)
--------------------------------------------------------------------------------
[INFO] Performing Louvain clustering...
[INFO] Number of modules: 2367
[INFO] Module sizes: [13486, 3749, 4958, 5324, 2795, 2, 1, 1, 1, 32, 1, 1, 1, 1, 1, 1, 1, 1, 1, 1, 1, 1, 1, 1, 1, 1, 1, 1, 1, 1, 1, 1, 1, 1, 1, 1, 1, 1, 1, 1, 1, 1, 1, 1, 1, 1, 1, 1, 1, 1, 1, 1, 1, 1, 1, 1, 1, 1, 1, 1, 1, 1, 1, 1, 1, 1, 1, 1, 1, 1, 1, 1, 1, 1, 1, 1, 1, 1, 1, 1, 1, 1, 1, 1, 1, 1, 1, 1, 1, 1, 1, 1, 1, 1, 1, 1, 1, 1, 1, 1, 1, 1, 1, 1, 1, 1, 1, 1, 1, 1, 1, 1, 1, 1, 1, 1, 1, 1, 1, 1, 1, 12, 1, 1, 1, 1, 1, 1, 1, 1, 1, 1, 1, 1, 1, 1, 1, 1, 1, 1, 1, 1, 1, 1, 1, 1, 1, 1, 1, 1, 1, 1, 1, 1, 1, 6, 1, 1, 1, 1, 1, 1, 1, 1, 1, 1, 1, 1, 1, 1, 1, 1, 1, 1, 1, 1, 1, 1, 1, 1, 1, 1, 1, 1, 1, 1, 1, 1, 1, 1, 1, 1, 1, 1, 1, 1, 1, 1, 1, 1, 1, 1, 1, 1, 1, 1, 6, 1, 1, 1, 1, 1, 1, 1, 1, 1, 1, 1, 1, 1, 1, 1, 1, 1, 1, 1, 1, 1, 1, 1, 1, 1, 1, 1, 1, 1, 1, 1, 1, 1, 1, 1, 1, 1, 1, 1, 1, 1, 1, 1, 1, 1, 1, 1, 1, 1, 1, 1, 1, 1, 1, 1, 1, 1, 1, 1, 1, 1, 1, 1, 1, 1, 1, 1, 1, 1, 1, 1, 7, 1, 1, 1, 3, 1, 4, 3, 2, 1, 1, 1, 1, 1, 3, 1, 1, 1, 1, 1, 1, 1, 2, 1, 1, 1, 1, 1, 1, 1, 1, 1, 1, 1, 1, 1, 1, 1, 1, 1, 1, 1, 1, 1, 1, 1, 1, 1, 1, 1, 1, 1, 1, 1, 1, 1, 1, 1, 1, 1, 1, 1, 1, 1, 1, 1, 1, 1, 1, 1, 1, 1, 1, 1, 1, 1, 1, 1, 1, 1, 1, 1, 1, 1, 1, 1, 1, 2, 1, 1, 1, 1, 1, 1, 1, 1, 1, 1, 1, 1, 1, 1, 1, 1, 1, 1, 1, 1, 1, 1, 1, 2, 1, 1, 1, 1, 1, 1, 1, 1, 1, 1, 1, 1, 1, 1, 1, 1, 1, 1, 1, 1, 1, 1, 1, 1, 1, 1, 1, 1, 1, 1, 1, 1, 1, 1, 1, 1, 1, 1, 1, 1, 1, 1, 1, 1, 1, 1, 1, 1, 1, 1, 1, 1, 1, 1, 1, 1, 1, 1, 1, 1, 2, 1, 1, 1, 1, 1, 1, 1, 1, 1, 1, 1, 1, 1, 1, 1, 1, 1, 1, 1, 1, 1, 1, 1, 1, 1, 1, 1, 1, 1, 1, 1, 1, 1, 1, 1, 1, 1, 1, 1, 1, 1, 1, 1, 1, 1, 1, 1, 1, 1, 1, 1, 1, 1, 1, 1, 1, 1, 1, 1, 1, 1, 1, 1, 1, 1, 1, 1, 1, 1, 1, 1, 1, 1, 1, 1, 1, 1, 1, 1, 1, 1, 1, 1, 1, 1, 1, 1, 1, 1, 1, 1, 1, 1, 1, 1, 1, 1, 1, 1, 1, 1, 1, 1, 1, 1, 1, 1, 1, 1, 1, 1, 1, 1, 1, 1, 1, 1, 1, 1, 1, 1, 1, 1, 1, 1, 1, 1, 1, 1, 1, 1, 1, 1, 1, 1, 1, 1, 1, 1, 1, 1, 1, 1, 1, 1, 1, 1, 1, 1, 1, 1, 1, 1, 1, 1, 1, 1, 1, 1, 1, 1, 1, 1, 1, 1, 1, 1, 2, 1, 1, 1, 2, 1, 1, 1, 1, 1, 1, 1, 1, 1, 1, 1, 1, 1, 1, 1, 1, 1, 1, 1, 1, 1, 1, 1, 1, 1, 1, 1, 1, 1, 1, 1, 1, 1, 1, 1, 1, 1, 1, 1, 1, 1, 1, 1, 1, 1, 1, 1, 1, 1, 1, 1, 1, 1, 1, 1, 1, 1, 1, 1, 1, 1, 1, 1, 1, 1, 1, 1, 1, 1, 1, 1, 1, 1, 1, 1, 1, 1, 1, 1, 1, 1, 1, 1, 1, 1, 1, 1, 1, 1, 1, 1, 1, 1, 1, 1, 1, 1, 1, 1, 1, 1, 1, 1, 1, 1, 1, 1, 1, 1, 1, 1, 1, 1, 1, 1, 1, 1, 1, 1, 1, 1, 1, 1, 1, 1, 1, 1, 1, 1, 1, 1, 1, 1, 1, 1, 1, 1, 1, 1, 1, 1, 2, 1, 1, 1, 1, 1, 1, 1, 1, 1, 1, 1, 1, 1, 1, 2, 1, 1, 1, 1, 1, 1, 1, 1, 1, 1, 1, 1, 1, 1, 1, 1, 1, 1, 1, 1, 1, 1, 1, 1, 1, 1, 1, 1, 1, 1, 1, 1, 1, 1, 1, 1, 1, 2, 1, 1, 1, 1, 1, 1, 1, 1, 1, 1, 1, 1, 1, 1, 1, 1, 1, 1, 1, 1, 1, 1, 1, 1, 1, 1, 1, 1, 1, 1, 1, 1, 1, 1, 1, 1, 1, 1, 1, 1, 1, 1, 1, 1, 1, 1, 1, 1, 1, 1, 1, 1, 1, 1, 1, 1, 1, 1, 1, 1, 1, 1, 1, 1, 1, 1, 1, 1, 1, 1, 1, 1, 1, 1, 1, 1, 1, 1, 1, 1, 1, 1, 1, 1, 1, 1, 1, 1, 1, 1, 1, 1, 1, 1, 1, 1, 1, 1, 1, 1, 1, 1, 1, 2, 1, 1, 1, 1, 1, 1, 1, 1, 1, 1, 1, 1, 1, 1, 1, 1, 1, 1, 1, 1, 1, 1, 1, 1, 1, 1, 1, 1, 1, 1, 1, 1, 1, 1, 1, 1, 1, 1, 1, 1, 1, 1, 1, 1, 1, 1, 1, 1, 1, 1, 1, 1, 1, 1, 1, 1, 1, 1, 1, 1, 1, 1, 1, 1, 1, 1, 1, 1, 1, 1, 1, 1, 1, 1, 1, 1, 1, 1, 1, 1, 1, 1, 1, 1, 1, 1, 1, 1, 1, 1, 1, 1, 1, 1, 1, 1, 1, 1, 1, 1, 1, 1, 1, 1, 1, 1, 1, 1, 1, 1, 1, 1, 1, 1, 1, 1, 1, 1, 1, 1, 1, 1, 1, 1, 1, 1, 1, 1, 1, 1, 1, 1, 1, 1, 1, 1, 1, 1, 1, 1, 1, 1, 1, 1, 1, 1, 1, 1, 1, 1, 1, 1, 1, 1, 1, 1, 1, 1, 1, 1, 1, 1, 1, 1, 1, 1, 1, 1, 1, 1, 1, 1, 1, 1, 1, 1, 1, 1, 1, 1, 1, 1, 1, 1, 1, 1, 1, 1, 1, 1, 1, 1, 1, 1, 1, 1, 1, 1, 1, 1, 1, 1, 1, 1, 1, 1, 1, 1, 1, 1, 1, 1, 1, 1, 1, 1, 1, 1, 1, 1, 1, 1, 1, 1, 1, 1, 1, 1, 1, 1, 1, 1, 1, 1, 1, 1, 1, 1, 1, 1, 1, 1, 1, 1, 1, 1, 1, 1, 1, 1, 1, 1, 1, 1, 1, 1, 1, 1, 1, 1, 1, 1, 1, 1, 1, 1, 1, 1, 1, 1, 1, 1, 1, 1, 1, 1, 1, 1, 1, 1, 1, 1, 1, 1, 1, 1, 1, 1, 1, 1, 1, 1, 1, 1, 1, 1, 1, 1, 1, 1, 1, 1, 1, 1, 1, 1, 1, 1, 1, 1, 1, 1, 1, 1, 1, 1, 1, 1, 1, 3, 1, 1, 1, 1, 1, 1, 1, 1, 1, 1, 1, 1, 1, 1, 1, 1, 1, 1, 1, 1, 1, 1, 1, 1, 1, 1, 1, 1, 1, 1, 1, 1, 1, 1, 1, 1, 1, 1, 1, 1, 1, 1, 1, 1, 1, 1, 1, 1, 1, 1, 1, 1, 1, 1, 1, 1, 1, 1, 1, 1, 1, 1, 1, 1, 1, 1, 1, 1, 1, 1, 1, 1, 1, 1, 1, 1, 1, 1, 1, 1, 1, 1, 1, 1, 1, 1, 1, 1, 1, 1, 1, 1, 1, 1, 1, 1, 1, 1, 1, 1, 1, 1, 1, 1, 1, 1, 1, 2, 1, 1, 1, 1, 1, 1, 1, 1, 1, 1, 1, 1, 1, 1, 1, 1, 1, 1, 1, 1, 1, 1, 1, 1, 1, 1, 1, 1, 1, 1, 1, 1, 1, 1, 1, 1, 1, 1, 1, 1, 1, 1, 1, 1, 1, 1, 1, 1, 1, 1, 1, 1, 1, 1, 1, 1, 1, 1, 1, 1, 1, 1, 1, 1, 1, 1, 1, 1, 1, 1, 1, 1, 1, 1, 1, 1, 1, 1, 1, 1, 1, 1, 1, 1, 1, 1, 1, 1, 1, 1, 1, 2, 1, 1, 1, 1, 1, 1, 1, 1, 1, 1, 1, 1, 1, 1, 1, 1, 2, 1, 1, 1, 1, 1, 1, 1, 1, 1, 1, 1, 1, 1, 1, 1, 1, 1, 1, 1, 1, 1, 1, 1, 1, 1, 1, 1, 1, 1, 1, 1, 1, 1, 1, 1, 1, 1, 1, 1, 1, 1, 1, 1, 1, 1, 1, 1, 1, 1, 1, 1, 1, 1, 1, 1, 1, 1, 1, 1, 1, 1, 1, 1, 1, 1, 1, 1, 1, 1, 1, 1, 1, 1, 1, 1, 1, 1, 1, 1, 1, 1, 1, 1, 1, 1, 1, 1, 1, 1, 1, 1, 1, 1, 1, 1, 1, 1, 1, 1, 1, 1, 1, 1, 1, 1, 1, 1, 1, 1, 1, 1, 1, 1, 1, 1, 1, 1, 1, 1, 1, 1, 1, 1, 2, 1, 1, 1, 1, 1, 1, 1, 1, 1, 1, 1, 1, 1, 1, 1, 1, 1, 1, 1, 1, 1, 1, 1, 1, 1, 1, 1, 1, 1, 1, 1, 1, 1, 1, 1, 1, 1, 1, 1, 1, 1, 1, 1, 1, 1, 3, 1, 1, 1, 1, 1, 1, 1, 1, 1, 1, 1, 1, 1, 1, 1, 1, 1, 1, 1, 1, 1, 1, 1, 1, 1, 1, 1, 1, 1, 1, 1, 1, 1, 1, 1, 1, 1, 1, 1, 1, 1, 1, 1, 1, 1, 1, 1, 1, 1, 1, 1, 1, 1, 1, 1, 1, 1, 1, 1, 1, 1, 1, 1, 1, 1, 1, 1, 1, 1, 1, 1, 1, 1, 1, 1, 1, 1, 1, 1, 1, 1, 1, 1, 1, 1, 1, 1, 1, 1, 1, 1, 1, 1, 1, 1, 1, 1, 1, 1, 1, 1, 1, 1, 1, 1, 1, 1, 1, 1, 1, 1, 1, 1, 1, 1, 1, 1, 1, 1, 1, 1, 1, 1, 1, 1, 1, 1, 1, 1, 1, 1, 1, 1, 1, 1, 1, 1, 1, 1, 1, 1, 1, 1, 1, 1, 1, 1, 1, 1, 1, 1, 1, 1, 1, 1, 1, 1, 1, 1, 1, 1, 1, 1, 1, 1, 1, 1, 1, 1, 1, 1, 1, 1, 1, 1, 1, 1, 1, 1, 1, 1, 1, 1, 1, 1, 1, 1, 1, 1, 1, 1, 1, 1, 1, 1, 1, 1, 1, 1, 1, 1, 1, 1, 1, 1, 1, 1, 1, 1, 1, 1, 1, 1, 1, 1, 1, 1, 1, 1, 1, 1, 1, 1, 1, 1, 1, 1, 1, 1, 1, 1, 1, 1, 1, 1, 1, 1, 1, 1, 1, 1, 1, 1, 1, 1, 1, 1, 1, 1, 1, 1, 1, 1, 1, 1, 1, 1, 1, 1, 1, 1, 1, 1, 1, 1, 1, 1, 1, 1, 1, 1, 1, 1, 1, 1, 1, 1, 1, 1, 1, 1, 1, 1, 1, 1, 1, 1, 1, 1, 1, 1, 1, 1, 1, 1, 1, 1, 1, 1, 1, 1, 1, 1, 1, 1, 1, 1, 1, 1, 1, 1, 1, 1, 1, 1, 1, 1, 1, 1, 1, 1, 1, 1, 1, 1, 1, 1, 1, 1, 1, 1, 1, 1, 1, 1, 1, 1, 1, 1, 1, 1, 1, 1, 1, 1, 1, 1, 1, 1, 1, 1, 1, 1, 1, 1, 1, 1, 1, 1, 1, 1, 1, 1, 1, 1, 1, 1, 1, 1, 1, 1, 1, 1, 1, 1, 1, 1, 1, 1, 1, 1, 1, 1, 1, 1, 1, 1, 1, 1, 1, 1, 1, 1, 1, 1, 1, 1, 1, 1, 1, 1, 1, 1, 1, 1, 1, 1, 1, 1, 1, 1, 2, 1, 1, 1, 1, 1, 1, 1, 1, 1, 1, 1, 1, 1, 1, 1, 1, 1, 1, 1, 1, 1, 1, 1, 1, 1, 1, 1, 1, 1, 1, 1, 1, 1, 1, 1, 1, 1, 1, 1, 1, 1, 1, 1, 1, 1, 1, 1, 1, 1, 1, 1, 1, 1, 2, 1, 1, 1, 1, 1, 1, 1, 1, 1, 1, 1, 1, 1, 1, 1, 1, 1, 1, 1, 1, 1, 1, 1, 1, 1, 1, 1, 1, 1, 1, 1, 1, 1, 1, 1, 1, 1, 1, 1, 1, 1, 1, 1, 1, 1, 1, 1, 1, 1, 1, 1, 1, 1, 1, 1, 1, 1, 1, 1, 1, 1, 1, 1, 1, 1, 1, 1, 1, 1, 1, 1, 1, 1, 1, 1, 1, 1, 1, 1, 1, 1, 1, 1, 1, 1, 1, 1, 1, 1, 1, 1, 1, 1, 1, 1, 1, 1, 1, 1, 1, 1, 1, 1, 1, 1, 1, 1, 1, 1, 1, 1, 1, 1, 1, 1, 1, 1, 1, 1, 1, 1, 1, 1, 1, 1, 1, 1, 1, 1, 1, 1, 1, 1, 1, 1, 1, 1, 1, 1, 1, 1, 1, 1, 1, 1, 1, 1, 1, 1, 1, 1, 1, 1, 1, 1, 1, 1, 1, 1, 1, 1, 1, 1, 1, 1, 1, 1, 1, 1, 1, 1, 1, 1, 1, 1, 1, 1, 1, 1, 1, 1, 1, 1, 1, 1, 1, 1, 1, 1, 1, 1, 1, 1, 1, 1, 1, 1, 1, 1, 1, 1, 1, 1, 1, 1, 1, 1, 1, 1, 1, 1, 1, 1, 1, 1, 1, 1, 1, 1, 1, 1, 1, 1, 1, 1, 1, 1, 1, 1, 1, 1, 1, 1, 1, 1, 1, 1, 1, 1, 1, 1, 1, 1, 1, 1, 1, 1, 1, 1, 1, 1, 1, 1, 1, 1, 1, 1, 1, 1, 1, 1, 1, 1, 1, 1, 1, 1, 1, 1, 1, 1, 1]
--------------------------------------------------------------------------------
[2026-03-05 14:50:37] Completed: Louvain Clustering (MI+CLR)
[TIMING] Duration: 1.10 minutes (66.1s)

[2026-03-05 14:50:37] Starting: Saving MI+CLR Results
--------------------------------------------------------------------------------

[INFO] Saving mi_clr_python results...
[INFO] Output directory: /data/users/mbotos/Environments/2026_2_25_PIGS_BTMS+/workingEnvironment/03_network/NETS_MI_CLR_GRNBoost2
[INFO] Vectorized edge extraction: 26,834,548 edges
[SAVED] /data/users/mbotos/Environments/2026_2_25_PIGS_BTMS+/workingEnvironment/03_network/NETS_MI_CLR_GRNBoost2/CLR_adjacency_matrix_mi_clr_python.mtx
[SAVED] /data/users/mbotos/Environments/2026_2_25_PIGS_BTMS+/workingEnvironment/03_network/NETS_MI_CLR_GRNBoost2/CLR_network_edgelist_mi_clr_python.txt
[SAVED] /data/users/mbotos/Environments/2026_2_25_PIGS_BTMS+/workingEnvironment/03_network/NETS_MI_CLR_GRNBoost2/CLR_network_weighted_mi_clr_python.txt
[SAVED] /data/users/mbotos/Environments/2026_2_25_PIGS_BTMS+/workingEnvironment/03_network/NETS_MI_CLR_GRNBoost2/CLR_network_mi_clr_python.graphml
[SAVED] /data/users/mbotos/Environments/2026_2_25_PIGS_BTMS+/workingEnvironment/03_network/NETS_MI_CLR_GRNBoost2/node_modules_mi_clr_python.txt
[SAVED] /data/users/mbotos/Environments/2026_2_25_PIGS_BTMS+/workingEnvironment/03_network/NETS_MI_CLR_GRNBoost2/BTM_modules_mi_clr_python.tsv
--------------------------------------------------------------------------------
[2026-03-05 14:53:18] Completed: Saving MI+CLR Results
[TIMING] Duration: 2.68 minutes (160.9s)

================================================================================
METHOD 2: GRNBoost2
================================================================================

[2026-03-05 14:53:18] Starting: GRNBoost2 Inference
--------------------------------------------------------------------------------

--------------------------------------------------------------------------------
METHOD 2: GRNBoost2
--------------------------------------------------------------------------------
[INFO] Running GRNBoost2 with 128 workers...
[INFO] This may take several minutes for large datasets...
[INFO] Worker PYTHONPATH set to venv only (avoids NumPy 1.x/2.x conflicts)
[INFO] NUMEXPR_DISABLED=1 (prevents system numexpr from crashing workers)
[INFO] Using all available CPU cores for parallel processing
[INFO] Configuration: nbins=5, disc_strategy=quantile
[INFO] Log file: /data/users/mbotos/Environments/2026_2_25_PIGS_BTMS+/workingEnvironment/03_network/NETS_MI_CLR_GRNBoost2/network_analysis_20260305_145321.log
[INFO] Report file: /data/users/mbotos/Environments/2026_2_25_PIGS_BTMS+/workingEnvironment/03_network/NETS_MI_CLR_GRNBoost2/analysis_report_20260305_145321.txt
[INFO] Using all available CPU cores for parallel processing[INFO] Using all available CPU cores for parallel processing

[INFO] Configuration: nbins=5, disc_strategy=quantile[INFO] Configuration: nbins=5, disc_strategy=quantile

[INFO] Log file: /data/users/mbotos/Environments/2026_2_25_PIGS_BTMS+/workingEnvironment/03_network/NETS_MI_CLR_GRNBoost2/network_analysis_20260305_145321.log[INFO] Log file: /data/users/mbotos/Environments/2026_2_25_PIGS_BTMS+/workingEnvironment/03_network/NETS_MI_CLR_GRNBoost2/network_analysis_20260305_145321.log

[INFO] Report file: /data/users/mbotos/Environments/2026_2_25_PIGS_BTMS+/workingEnvironment/03_network/NETS_MI_CLR_GRNBoost2/analysis_report_20260305_145321.txt[INFO] Report file: /data/users/mbotos/Environments/2026_2_25_PIGS_BTMS+/workingEnvironment/03_network/NETS_MI_CLR_GRNBoost2/analysis_report_20260305_145321.txt

[INFO] Using all available CPU cores for parallel processing
[INFO] Configuration: nbins=5, disc_strategy=quantile
[INFO] Log file: /data/users/mbotos/Environments/2026_2_25_PIGS_BTMS+/workingEnvironment/03_network/NETS_MI_CLR_GRNBoost2/network_analysis_20260305_145321.log
[INFO] Report file: /data/users/mbotos/Environments/2026_2_25_PIGS_BTMS+/workingEnvironment/03_network/NETS_MI_CLR_GRNBoost2/analysis_report_20260305_145321.txt
[INFO] Using all available CPU cores for parallel processing
[INFO] Configuration: nbins=5, disc_strategy=quantile
[INFO] Log file: /data/users/mbotos/Environments/2026_2_25_PIGS_BTMS+/workingEnvironment/03_network/NETS_MI_CLR_GRNBoost2/network_analysis_20260305_145321.log
[INFO] Report file: /data/users/mbotos/Environments/2026_2_25_PIGS_BTMS+/workingEnvironment/03_network/NETS_MI_CLR_GRNBoost2/analysis_report_20260305_145321.txt
[INFO] Using all available CPU cores for parallel processing
[INFO] Configuration: nbins=5, disc_strategy=quantile
[INFO] Log file: /data/users/mbotos/Environments/2026_2_25_PIGS_BTMS+/workingEnvironment/03_network/NETS_MI_CLR_GRNBoost2/network_analysis_20260305_145321.log
[INFO] Report file: /data/users/mbotos/Environments/2026_2_25_PIGS_BTMS+/workingEnvironment/03_network/NETS_MI_CLR_GRNBoost2/analysis_report_20260305_145321.txt
[INFO] Using all available CPU cores for parallel processing
[INFO] Configuration: nbins=5, disc_strategy=quantile
[INFO] Log file: /data/users/mbotos/Environments/2026_2_25_PIGS_BTMS+/workingEnvironment/03_network/NETS_MI_CLR_GRNBoost2/network_analysis_20260305_145321.log
[INFO] Report file: /data/users/mbotos/Environments/2026_2_25_PIGS_BTMS+/workingEnvironment/03_network/NETS_MI_CLR_GRNBoost2/analysis_report_20260305_145321.txt
[INFO] Using all available CPU cores for parallel processing
[INFO] Configuration: nbins=5, disc_strategy=quantile
[INFO] Log file: /data/users/mbotos/Environments/2026_2_25_PIGS_BTMS+/workingEnvironment/03_network/NETS_MI_CLR_GRNBoost2/network_analysis_20260305_145321.log
[INFO] Report file: /data/users/mbotos/Environments/2026_2_25_PIGS_BTMS+/workingEnvironment/03_network/NETS_MI_CLR_GRNBoost2/analysis_report_20260305_145321.txt
[INFO] Using all available CPU cores for parallel processing
[INFO] Configuration: nbins=5, disc_strategy=quantile
[INFO] Log file: /data/users/mbotos/Environments/2026_2_25_PIGS_BTMS+/workingEnvironment/03_network/NETS_MI_CLR_GRNBoost2/network_analysis_20260305_145321.log
[INFO] Report file: /data/users/mbotos/Environments/2026_2_25_PIGS_BTMS+/workingEnvironment/03_network/NETS_MI_CLR_GRNBoost2/analysis_report_20260305_145321.txt
[INFO] Using all available CPU cores for parallel processing
[INFO] Configuration: nbins=5, disc_strategy=quantile
[INFO] Log file: /data/users/mbotos/Environments/2026_2_25_PIGS_BTMS+/workingEnvironment/03_network/NETS_MI_CLR_GRNBoost2/network_analysis_20260305_145321.log
[INFO] Report file: /data/users/mbotos/Environments/2026_2_25_PIGS_BTMS+/workingEnvironment/03_network/NETS_MI_CLR_GRNBoost2/analysis_report_20260305_145321.txt
[INFO] Using all available CPU cores for parallel processing
[INFO] Configuration: nbins=5, disc_strategy=quantile
[INFO] Log file: /data/users/mbotos/Environments/2026_2_25_PIGS_BTMS+/workingEnvironment/03_network/NETS_MI_CLR_GRNBoost2/network_analysis_20260305_145321.log
[INFO] Report file: /data/users/mbotos/Environments/2026_2_25_PIGS_BTMS+/workingEnvironment/03_network/NETS_MI_CLR_GRNBoost2/analysis_report_20260305_145321.txt
[INFO] Using all available CPU cores for parallel processing
[INFO] Configuration: nbins=5, disc_strategy=quantile
[INFO] Log file: /data/users/mbotos/Environments/2026_2_25_PIGS_BTMS+/workingEnvironment/03_network/NETS_MI_CLR_GRNBoost2/network_analysis_20260305_145321.log
[INFO] Report file: /data/users/mbotos/Environments/2026_2_25_PIGS_BTMS+/workingEnvironment/03_network/NETS_MI_CLR_GRNBoost2/analysis_report_20260305_145321.txt
[INFO] Using all available CPU cores for parallel processing
[INFO] Configuration: nbins=5, disc_strategy=quantile
[INFO] Log file: /data/users/mbotos/Environments/2026_2_25_PIGS_BTMS+/workingEnvironment/03_network/NETS_MI_CLR_GRNBoost2/network_analysis_20260305_145321.log
[INFO] Report file: /data/users/mbotos/Environments/2026_2_25_PIGS_BTMS+/workingEnvironment/03_network/NETS_MI_CLR_GRNBoost2/analysis_report_20260305_145321.txt
[INFO] Using all available CPU cores for parallel processing
[INFO] Configuration: nbins=5, disc_strategy=quantile
[INFO] Log file: /data/users/mbotos/Environments/2026_2_25_PIGS_BTMS+/workingEnvironment/03_network/NETS_MI_CLR_GRNBoost2/network_analysis_20260305_145321.log
[INFO] Report file: /data/users/mbotos/Environments/2026_2_25_PIGS_BTMS+/workingEnvironment/03_network/NETS_MI_CLR_GRNBoost2/analysis_report_20260305_145321.txt
[INFO] Using all available CPU cores for parallel processing
[INFO] Configuration: nbins=5, disc_strategy=quantile
[INFO] Log file: /data/users/mbotos/Environments/2026_2_25_PIGS_BTMS+/workingEnvironment/03_network/NETS_MI_CLR_GRNBoost2/network_analysis_20260305_145321.log
[INFO] Report file: /data/users/mbotos/Environments/2026_2_25_PIGS_BTMS+/workingEnvironment/03_network/NETS_MI_CLR_GRNBoost2/analysis_report_20260305_145321.txt
[INFO] Using all available CPU cores for parallel processing
[INFO] Configuration: nbins=5, disc_strategy=quantile
[INFO] Log file: /data/users/mbotos/Environments/2026_2_25_PIGS_BTMS+/workingEnvironment/03_network/NETS_MI_CLR_GRNBoost2/network_analysis_20260305_145321.log
[INFO] Report file: /data/users/mbotos/Environments/2026_2_25_PIGS_BTMS+/workingEnvironment/03_network/NETS_MI_CLR_GRNBoost2/analysis_report_20260305_145321.txt
[INFO] Using all available CPU cores for parallel processing
[INFO] Configuration: nbins=5, disc_strategy=quantile
[INFO] Log file: /data/users/mbotos/Environments/2026_2_25_PIGS_BTMS+/workingEnvironment/03_network/NETS_MI_CLR_GRNBoost2/network_analysis_20260305_145321.log
[INFO] Report file: /data/users/mbotos/Environments/2026_2_25_PIGS_BTMS+/workingEnvironment/03_network/NETS_MI_CLR_GRNBoost2/analysis_report_20260305_145321.txt
[INFO] Using all available CPU cores for parallel processing
[INFO] Configuration: nbins=5, disc_strategy=quantile
[INFO] Log file: /data/users/mbotos/Environments/2026_2_25_PIGS_BTMS+/workingEnvironment/03_network/NETS_MI_CLR_GRNBoost2/network_analysis_20260305_145321.log
[INFO] Report file: /data/users/mbotos/Environments/2026_2_25_PIGS_BTMS+/workingEnvironment/03_network/NETS_MI_CLR_GRNBoost2/analysis_report_20260305_145321.txt
[INFO] Using all available CPU cores for parallel processing
[INFO] Configuration: nbins=5, disc_strategy=quantile
[INFO] Log file: /data/users/mbotos/Environments/2026_2_25_PIGS_BTMS+/workingEnvironment/03_network/NETS_MI_CLR_GRNBoost2/network_analysis_20260305_145321.log
[INFO] Report file: /data/users/mbotos/Environments/2026_2_25_PIGS_BTMS+/workingEnvironment/03_network/NETS_MI_CLR_GRNBoost2/analysis_report_20260305_145321.txt
[INFO] Using all available CPU cores for parallel processing
[INFO] Configuration: nbins=5, disc_strategy=quantile
[INFO] Log file: /data/users/mbotos/Environments/2026_2_25_PIGS_BTMS+/workingEnvironment/03_network/NETS_MI_CLR_GRNBoost2/network_analysis_20260305_145321.log
[INFO] Report file: /data/users/mbotos/Environments/2026_2_25_PIGS_BTMS+/workingEnvironment/03_network/NETS_MI_CLR_GRNBoost2/analysis_report_20260305_145321.txt
[INFO] Using all available CPU cores for parallel processing
[INFO] Configuration: nbins=5, disc_strategy=quantile
[INFO] Log file: /data/users/mbotos/Environments/2026_2_25_PIGS_BTMS+/workingEnvironment/03_network/NETS_MI_CLR_GRNBoost2/network_analysis_20260305_145321.log
[INFO] Report file: /data/users/mbotos/Environments/2026_2_25_PIGS_BTMS+/workingEnvironment/03_network/NETS_MI_CLR_GRNBoost2/analysis_report_20260305_145321.txt
[INFO] Using all available CPU cores for parallel processing
[INFO] Configuration: nbins=5, disc_strategy=quantile
[INFO] Log file: /data/users/mbotos/Environments/2026_2_25_PIGS_BTMS+/workingEnvironment/03_network/NETS_MI_CLR_GRNBoost2/network_analysis_20260305_145321.log
[INFO] Report file: /data/users/mbotos/Environments/2026_2_25_PIGS_BTMS+/workingEnvironment/03_network/NETS_MI_CLR_GRNBoost2/analysis_report_20260305_145321.txt
[INFO] Using all available CPU cores for parallel processing
[INFO] Configuration: nbins=5, disc_strategy=quantile
[INFO] Log file: /data/users/mbotos/Environments/2026_2_25_PIGS_BTMS+/workingEnvironment/03_network/NETS_MI_CLR_GRNBoost2/network_analysis_20260305_145321.log
[INFO] Report file: /data/users/mbotos/Environments/2026_2_25_PIGS_BTMS+/workingEnvironment/03_network/NETS_MI_CLR_GRNBoost2/analysis_report_20260305_145321.txt
[INFO] Using all available CPU cores for parallel processing
[INFO] Configuration: nbins=5, disc_strategy=quantile
[INFO] Log file: /data/users/mbotos/Environments/2026_2_25_PIGS_BTMS+/workingEnvironment/03_network/NETS_MI_CLR_GRNBoost2/network_analysis_20260305_145321.log
[INFO] Report file: /data/users/mbotos/Environments/2026_2_25_PIGS_BTMS+/workingEnvironment/03_network/NETS_MI_CLR_GRNBoost2/analysis_report_20260305_145321.txt
[INFO] Using all available CPU cores for parallel processing
[INFO] Configuration: nbins=5, disc_strategy=quantile
[INFO] Log file: /data/users/mbotos/Environments/2026_2_25_PIGS_BTMS+/workingEnvironment/03_network/NETS_MI_CLR_GRNBoost2/network_analysis_20260305_145321.log
[INFO] Report file: /data/users/mbotos/Environments/2026_2_25_PIGS_BTMS+/workingEnvironment/03_network/NETS_MI_CLR_GRNBoost2/analysis_report_20260305_145321.txt
[INFO] Using all available CPU cores for parallel processing
[INFO] Configuration: nbins=5, disc_strategy=quantile
[INFO] Log file: /data/users/mbotos/Environments/2026_2_25_PIGS_BTMS+/workingEnvironment/03_network/NETS_MI_CLR_GRNBoost2/network_analysis_20260305_145321.log
[INFO] Report file: /data/users/mbotos/Environments/2026_2_25_PIGS_BTMS+/workingEnvironment/03_network/NETS_MI_CLR_GRNBoost2/analysis_report_20260305_145321.txt
[INFO] Using all available CPU cores for parallel processing
[INFO] Configuration: nbins=5, disc_strategy=quantile
[INFO] Log file: /data/users/mbotos/Environments/2026_2_25_PIGS_BTMS+/workingEnvironment/03_network/NETS_MI_CLR_GRNBoost2/network_analysis_20260305_145321.log
[INFO] Report file: /data/users/mbotos/Environments/2026_2_25_PIGS_BTMS+/workingEnvironment/03_network/NETS_MI_CLR_GRNBoost2/analysis_report_20260305_145321.txt
[INFO] Using all available CPU cores for parallel processing
[INFO] Configuration: nbins=5, disc_strategy=quantile
[INFO] Log file: /data/users/mbotos/Environments/2026_2_25_PIGS_BTMS+/workingEnvironment/03_network/NETS_MI_CLR_GRNBoost2/network_analysis_20260305_145321.log
[INFO] Report file: /data/users/mbotos/Environments/2026_2_25_PIGS_BTMS+/workingEnvironment/03_network/NETS_MI_CLR_GRNBoost2/analysis_report_20260305_145321.txt
[INFO] Using all available CPU cores for parallel processing
[INFO] Configuration: nbins=5, disc_strategy=quantile
[INFO] Log file: /data/users/mbotos/Environments/2026_2_25_PIGS_BTMS+/workingEnvironment/03_network/NETS_MI_CLR_GRNBoost2/network_analysis_20260305_145322.log
[INFO] Report file: /data/users/mbotos/Environments/2026_2_25_PIGS_BTMS+/workingEnvironment/03_network/NETS_MI_CLR_GRNBoost2/analysis_report_20260305_145322.txt
[INFO] Using all available CPU cores for parallel processing
[INFO] Configuration: nbins=5, disc_strategy=quantile
[INFO] Log file: /data/users/mbotos/Environments/2026_2_25_PIGS_BTMS+/workingEnvironment/03_network/NETS_MI_CLR_GRNBoost2/network_analysis_20260305_145322.log
[INFO] Report file: /data/users/mbotos/Environments/2026_2_25_PIGS_BTMS+/workingEnvironment/03_network/NETS_MI_CLR_GRNBoost2/analysis_report_20260305_145322.txt
[INFO] Using all available CPU cores for parallel processing
[INFO] Configuration: nbins=5, disc_strategy=quantile
[INFO] Log file: /data/users/mbotos/Environments/2026_2_25_PIGS_BTMS+/workingEnvironment/03_network/NETS_MI_CLR_GRNBoost2/network_analysis_20260305_145322.log
[INFO] Report file: /data/users/mbotos/Environments/2026_2_25_PIGS_BTMS+/workingEnvironment/03_network/NETS_MI_CLR_GRNBoost2/analysis_report_20260305_145322.txt
[INFO] Using all available CPU cores for parallel processing
[INFO] Configuration: nbins=5, disc_strategy=quantile
[INFO] Log file: /data/users/mbotos/Environments/2026_2_25_PIGS_BTMS+/workingEnvironment/03_network/NETS_MI_CLR_GRNBoost2/network_analysis_20260305_145322.log
[INFO] Report file: /data/users/mbotos/Environments/2026_2_25_PIGS_BTMS+/workingEnvironment/03_network/NETS_MI_CLR_GRNBoost2/analysis_report_20260305_145322.txt
[INFO] Using all available CPU cores for parallel processing
[INFO] Configuration: nbins=5, disc_strategy=quantile
[INFO] Log file: /data/users/mbotos/Environments/2026_2_25_PIGS_BTMS+/workingEnvironment/03_network/NETS_MI_CLR_GRNBoost2/network_analysis_20260305_145322.log
[INFO] Report file: /data/users/mbotos/Environments/2026_2_25_PIGS_BTMS+/workingEnvironment/03_network/NETS_MI_CLR_GRNBoost2/analysis_report_20260305_145322.txt
[INFO] Using all available CPU cores for parallel processing
[INFO] Configuration: nbins=5, disc_strategy=quantile
[INFO] Log file: /data/users/mbotos/Environments/2026_2_25_PIGS_BTMS+/workingEnvironment/03_network/NETS_MI_CLR_GRNBoost2/network_analysis_20260305_145322.log
[INFO] Report file: /data/users/mbotos/Environments/2026_2_25_PIGS_BTMS+/workingEnvironment/03_network/NETS_MI_CLR_GRNBoost2/analysis_report_20260305_145322.txt
[INFO] Using all available CPU cores for parallel processing
[INFO] Configuration: nbins=5, disc_strategy=quantile
[INFO] Log file: /data/users/mbotos/Environments/2026_2_25_PIGS_BTMS+/workingEnvironment/03_network/NETS_MI_CLR_GRNBoost2/network_analysis_20260305_145322.log
[INFO] Report file: /data/users/mbotos/Environments/2026_2_25_PIGS_BTMS+/workingEnvironment/03_network/NETS_MI_CLR_GRNBoost2/analysis_report_20260305_145322.txt
[INFO] Using all available CPU cores for parallel processing
[INFO] Configuration: nbins=5, disc_strategy=quantile
[INFO] Log file: /data/users/mbotos/Environments/2026_2_25_PIGS_BTMS+/workingEnvironment/03_network/NETS_MI_CLR_GRNBoost2/network_analysis_20260305_145322.log
[INFO] Report file: /data/users/mbotos/Environments/2026_2_25_PIGS_BTMS+/workingEnvironment/03_network/NETS_MI_CLR_GRNBoost2/analysis_report_20260305_145322.txt
[INFO] Using all available CPU cores for parallel processing
[INFO] Configuration: nbins=5, disc_strategy=quantile
[INFO] Log file: /data/users/mbotos/Environments/2026_2_25_PIGS_BTMS+/workingEnvironment/03_network/NETS_MI_CLR_GRNBoost2/network_analysis_20260305_145322.log
[INFO] Report file: /data/users/mbotos/Environments/2026_2_25_PIGS_BTMS+/workingEnvironment/03_network/NETS_MI_CLR_GRNBoost2/analysis_report_20260305_145322.txt
[INFO] Using all available CPU cores for parallel processing
[INFO] Configuration: nbins=5, disc_strategy=quantile
[INFO] Log file: /data/users/mbotos/Environments/2026_2_25_PIGS_BTMS+/workingEnvironment/03_network/NETS_MI_CLR_GRNBoost2/network_analysis_20260305_145322.log
[INFO] Report file: /data/users/mbotos/Environments/2026_2_25_PIGS_BTMS+/workingEnvironment/03_network/NETS_MI_CLR_GRNBoost2/analysis_report_20260305_145322.txt
[INFO] Using all available CPU cores for parallel processing
[INFO] Configuration: nbins=5, disc_strategy=quantile
[INFO] Log file: /data/users/mbotos/Environments/2026_2_25_PIGS_BTMS+/workingEnvironment/03_network/NETS_MI_CLR_GRNBoost2/network_analysis_20260305_145322.log
[INFO] Report file: /data/users/mbotos/Environments/2026_2_25_PIGS_BTMS+/workingEnvironment/03_network/NETS_MI_CLR_GRNBoost2/analysis_report_20260305_145322.txt
[INFO] Using all available CPU cores for parallel processing
[INFO] Configuration: nbins=5, disc_strategy=quantile
[INFO] Log file: /data/users/mbotos/Environments/2026_2_25_PIGS_BTMS+/workingEnvironment/03_network/NETS_MI_CLR_GRNBoost2/network_analysis_20260305_145322.log
[INFO] Report file: /data/users/mbotos/Environments/2026_2_25_PIGS_BTMS+/workingEnvironment/03_network/NETS_MI_CLR_GRNBoost2/analysis_report_20260305_145322.txt
[INFO] Using all available CPU cores for parallel processing
[INFO] Configuration: nbins=5, disc_strategy=quantile
[INFO] Log file: /data/users/mbotos/Environments/2026_2_25_PIGS_BTMS+/workingEnvironment/03_network/NETS_MI_CLR_GRNBoost2/network_analysis_20260305_145322.log
[INFO] Report file: /data/users/mbotos/Environments/2026_2_25_PIGS_BTMS+/workingEnvironment/03_network/NETS_MI_CLR_GRNBoost2/analysis_report_20260305_145322.txt
[INFO] Using all available CPU cores for parallel processing
[INFO] Configuration: nbins=5, disc_strategy=quantile
[INFO] Log file: /data/users/mbotos/Environments/2026_2_25_PIGS_BTMS+/workingEnvironment/03_network/NETS_MI_CLR_GRNBoost2/network_analysis_20260305_145322.log
[INFO] Report file: /data/users/mbotos/Environments/2026_2_25_PIGS_BTMS+/workingEnvironment/03_network/NETS_MI_CLR_GRNBoost2/analysis_report_20260305_145322.txt
[INFO] Using all available CPU cores for parallel processing
[INFO] Configuration: nbins=5, disc_strategy=quantile
[INFO] Log file: /data/users/mbotos/Environments/2026_2_25_PIGS_BTMS+/workingEnvironment/03_network/NETS_MI_CLR_GRNBoost2/network_analysis_20260305_145322.log
[INFO] Report file: /data/users/mbotos/Environments/2026_2_25_PIGS_BTMS+/workingEnvironment/03_network/NETS_MI_CLR_GRNBoost2/analysis_report_20260305_145322.txt
[INFO] Using all available CPU cores for parallel processing
[INFO] Configuration: nbins=5, disc_strategy=quantile
[INFO] Log file: /data/users/mbotos/Environments/2026_2_25_PIGS_BTMS+/workingEnvironment/03_network/NETS_MI_CLR_GRNBoost2/network_analysis_20260305_145322.log
[INFO] Report file: /data/users/mbotos/Environments/2026_2_25_PIGS_BTMS+/workingEnvironment/03_network/NETS_MI_CLR_GRNBoost2/analysis_report_20260305_145322.txt
[INFO] Using all available CPU cores for parallel processing
[INFO] Configuration: nbins=5, disc_strategy=quantile
[INFO] Log file: /data/users/mbotos/Environments/2026_2_25_PIGS_BTMS+/workingEnvironment/03_network/NETS_MI_CLR_GRNBoost2/network_analysis_20260305_145322.log
[INFO] Report file: /data/users/mbotos/Environments/2026_2_25_PIGS_BTMS+/workingEnvironment/03_network/NETS_MI_CLR_GRNBoost2/analysis_report_20260305_145322.txt
[INFO] Using all available CPU cores for parallel processing
[INFO] Configuration: nbins=5, disc_strategy=quantile
[INFO] Log file: /data/users/mbotos/Environments/2026_2_25_PIGS_BTMS+/workingEnvironment/03_network/NETS_MI_CLR_GRNBoost2/network_analysis_20260305_145322.log
[INFO] Report file: /data/users/mbotos/Environments/2026_2_25_PIGS_BTMS+/workingEnvironment/03_network/NETS_MI_CLR_GRNBoost2/analysis_report_20260305_145322.txt
[INFO] Using all available CPU cores for parallel processing
[INFO] Configuration: nbins=5, disc_strategy=quantile
[INFO] Log file: /data/users/mbotos/Environments/2026_2_25_PIGS_BTMS+/workingEnvironment/03_network/NETS_MI_CLR_GRNBoost2/network_analysis_20260305_145322.log
[INFO] Report file: /data/users/mbotos/Environments/2026_2_25_PIGS_BTMS+/workingEnvironment/03_network/NETS_MI_CLR_GRNBoost2/analysis_report_20260305_145322.txt
[INFO] Using all available CPU cores for parallel processing
[INFO] Configuration: nbins=5, disc_strategy=quantile
[INFO] Log file: /data/users/mbotos/Environments/2026_2_25_PIGS_BTMS+/workingEnvironment/03_network/NETS_MI_CLR_GRNBoost2/network_analysis_20260305_145322.log
[INFO] Report file: /data/users/mbotos/Environments/2026_2_25_PIGS_BTMS+/workingEnvironment/03_network/NETS_MI_CLR_GRNBoost2/analysis_report_20260305_145322.txt
[INFO] Using all available CPU cores for parallel processing
[INFO] Configuration: nbins=5, disc_strategy=quantile
[INFO] Log file: /data/users/mbotos/Environments/2026_2_25_PIGS_BTMS+/workingEnvironment/03_network/NETS_MI_CLR_GRNBoost2/network_analysis_20260305_145322.log
[INFO] Report file: /data/users/mbotos/Environments/2026_2_25_PIGS_BTMS+/workingEnvironment/03_network/NETS_MI_CLR_GRNBoost2/analysis_report_20260305_145322.txt
[INFO] Using all available CPU cores for parallel processing
[INFO] Configuration: nbins=5, disc_strategy=quantile
[INFO] Log file: /data/users/mbotos/Environments/2026_2_25_PIGS_BTMS+/workingEnvironment/03_network/NETS_MI_CLR_GRNBoost2/network_analysis_20260305_145322.log
[INFO] Report file: /data/users/mbotos/Environments/2026_2_25_PIGS_BTMS+/workingEnvironment/03_network/NETS_MI_CLR_GRNBoost2/analysis_report_20260305_145322.txt
[INFO] Using all available CPU cores for parallel processing
[INFO] Configuration: nbins=5, disc_strategy=quantile
[INFO] Log file: /data/users/mbotos/Environments/2026_2_25_PIGS_BTMS+/workingEnvironment/03_network/NETS_MI_CLR_GRNBoost2/network_analysis_20260305_145322.log
[INFO] Report file: /data/users/mbotos/Environments/2026_2_25_PIGS_BTMS+/workingEnvironment/03_network/NETS_MI_CLR_GRNBoost2/analysis_report_20260305_145322.txt
[INFO] Using all available CPU cores for parallel processing
[INFO] Configuration: nbins=5, disc_strategy=quantile
[INFO] Log file: /data/users/mbotos/Environments/2026_2_25_PIGS_BTMS+/workingEnvironment/03_network/NETS_MI_CLR_GRNBoost2/network_analysis_20260305_145322.log
[INFO] Report file: /data/users/mbotos/Environments/2026_2_25_PIGS_BTMS+/workingEnvironment/03_network/NETS_MI_CLR_GRNBoost2/analysis_report_20260305_145322.txt
[INFO] Using all available CPU cores for parallel processing
[INFO] Configuration: nbins=5, disc_strategy=quantile
[INFO] Log file: /data/users/mbotos/Environments/2026_2_25_PIGS_BTMS+/workingEnvironment/03_network/NETS_MI_CLR_GRNBoost2/network_analysis_20260305_145322.log
[INFO] Report file: /data/users/mbotos/Environments/2026_2_25_PIGS_BTMS+/workingEnvironment/03_network/NETS_MI_CLR_GRNBoost2/analysis_report_20260305_145322.txt
[INFO] Using all available CPU cores for parallel processing
[INFO] Configuration: nbins=5, disc_strategy=quantile
[INFO] Log file: /data/users/mbotos/Environments/2026_2_25_PIGS_BTMS+/workingEnvironment/03_network/NETS_MI_CLR_GRNBoost2/network_analysis_20260305_145322.log
[INFO] Report file: /data/users/mbotos/Environments/2026_2_25_PIGS_BTMS+/workingEnvironment/03_network/NETS_MI_CLR_GRNBoost2/analysis_report_20260305_145322.txt
[INFO] Using all available CPU cores for parallel processing
[INFO] Configuration: nbins=5, disc_strategy=quantile
[INFO] Log file: /data/users/mbotos/Environments/2026_2_25_PIGS_BTMS+/workingEnvironment/03_network/NETS_MI_CLR_GRNBoost2/network_analysis_20260305_145322.log
[INFO] Report file: /data/users/mbotos/Environments/2026_2_25_PIGS_BTMS+/workingEnvironment/03_network/NETS_MI_CLR_GRNBoost2/analysis_report_20260305_145322.txt
[INFO] Using all available CPU cores for parallel processing
[INFO] Configuration: nbins=5, disc_strategy=quantile
[INFO] Log file: /data/users/mbotos/Environments/2026_2_25_PIGS_BTMS+/workingEnvironment/03_network/NETS_MI_CLR_GRNBoost2/network_analysis_20260305_145322.log
[INFO] Report file: /data/users/mbotos/Environments/2026_2_25_PIGS_BTMS+/workingEnvironment/03_network/NETS_MI_CLR_GRNBoost2/analysis_report_20260305_145322.txt
[INFO] Using all available CPU cores for parallel processing
[INFO] Configuration: nbins=5, disc_strategy=quantile
[INFO] Log file: /data/users/mbotos/Environments/2026_2_25_PIGS_BTMS+/workingEnvironment/03_network/NETS_MI_CLR_GRNBoost2/network_analysis_20260305_145322.log
[INFO] Report file: /data/users/mbotos/Environments/2026_2_25_PIGS_BTMS+/workingEnvironment/03_network/NETS_MI_CLR_GRNBoost2/analysis_report_20260305_145322.txt
[INFO] Using all available CPU cores for parallel processing
[INFO] Configuration: nbins=5, disc_strategy=quantile
[INFO] Log file: /data/users/mbotos/Environments/2026_2_25_PIGS_BTMS+/workingEnvironment/03_network/NETS_MI_CLR_GRNBoost2/network_analysis_20260305_145323.log
[INFO] Report file: /data/users/mbotos/Environments/2026_2_25_PIGS_BTMS+/workingEnvironment/03_network/NETS_MI_CLR_GRNBoost2/analysis_report_20260305_145323.txt
[INFO] Using all available CPU cores for parallel processing
[INFO] Configuration: nbins=5, disc_strategy=quantile
[INFO] Log file: /data/users/mbotos/Environments/2026_2_25_PIGS_BTMS+/workingEnvironment/03_network/NETS_MI_CLR_GRNBoost2/network_analysis_20260305_145323.log
[INFO] Report file: /data/users/mbotos/Environments/2026_2_25_PIGS_BTMS+/workingEnvironment/03_network/NETS_MI_CLR_GRNBoost2/analysis_report_20260305_145323.txt
[INFO] Using all available CPU cores for parallel processing
[INFO] Configuration: nbins=5, disc_strategy=quantile
[INFO] Log file: /data/users/mbotos/Environments/2026_2_25_PIGS_BTMS+/workingEnvironment/03_network/NETS_MI_CLR_GRNBoost2/network_analysis_20260305_145323.log
[INFO] Report file: /data/users/mbotos/Environments/2026_2_25_PIGS_BTMS+/workingEnvironment/03_network/NETS_MI_CLR_GRNBoost2/analysis_report_20260305_145323.txt
[INFO] Using all available CPU cores for parallel processing
[INFO] Configuration: nbins=5, disc_strategy=quantile
[INFO] Log file: /data/users/mbotos/Environments/2026_2_25_PIGS_BTMS+/workingEnvironment/03_network/NETS_MI_CLR_GRNBoost2/network_analysis_20260305_145323.log
[INFO] Report file: /data/users/mbotos/Environments/2026_2_25_PIGS_BTMS+/workingEnvironment/03_network/NETS_MI_CLR_GRNBoost2/analysis_report_20260305_145323.txt
[INFO] Using all available CPU cores for parallel processing
[INFO] Configuration: nbins=5, disc_strategy=quantile
[INFO] Log file: /data/users/mbotos/Environments/2026_2_25_PIGS_BTMS+/workingEnvironment/03_network/NETS_MI_CLR_GRNBoost2/network_analysis_20260305_145323.log
[INFO] Report file: /data/users/mbotos/Environments/2026_2_25_PIGS_BTMS+/workingEnvironment/03_network/NETS_MI_CLR_GRNBoost2/analysis_report_20260305_145323.txt
[INFO] Using all available CPU cores for parallel processing
[INFO] Configuration: nbins=5, disc_strategy=quantile
[INFO] Log file: /data/users/mbotos/Environments/2026_2_25_PIGS_BTMS+/workingEnvironment/03_network/NETS_MI_CLR_GRNBoost2/network_analysis_20260305_145323.log
[INFO] Report file: /data/users/mbotos/Environments/2026_2_25_PIGS_BTMS+/workingEnvironment/03_network/NETS_MI_CLR_GRNBoost2/analysis_report_20260305_145323.txt
[INFO] Using all available CPU cores for parallel processing
[INFO] Configuration: nbins=5, disc_strategy=quantile
[INFO] Log file: /data/users/mbotos/Environments/2026_2_25_PIGS_BTMS+/workingEnvironment/03_network/NETS_MI_CLR_GRNBoost2/network_analysis_20260305_145323.log
[INFO] Report file: /data/users/mbotos/Environments/2026_2_25_PIGS_BTMS+/workingEnvironment/03_network/NETS_MI_CLR_GRNBoost2/analysis_report_20260305_145323.txt
[INFO] Using all available CPU cores for parallel processing
[INFO] Configuration: nbins=5, disc_strategy=quantile
[INFO] Log file: /data/users/mbotos/Environments/2026_2_25_PIGS_BTMS+/workingEnvironment/03_network/NETS_MI_CLR_GRNBoost2/network_analysis_20260305_145323.log
[INFO] Report file: /data/users/mbotos/Environments/2026_2_25_PIGS_BTMS+/workingEnvironment/03_network/NETS_MI_CLR_GRNBoost2/analysis_report_20260305_145323.txt
[INFO] Using all available CPU cores for parallel processing
[INFO] Configuration: nbins=5, disc_strategy=quantile
[INFO] Log file: /data/users/mbotos/Environments/2026_2_25_PIGS_BTMS+/workingEnvironment/03_network/NETS_MI_CLR_GRNBoost2/network_analysis_20260305_145323.log
[INFO] Report file: /data/users/mbotos/Environments/2026_2_25_PIGS_BTMS+/workingEnvironment/03_network/NETS_MI_CLR_GRNBoost2/analysis_report_20260305_145323.txt
[INFO] Using all available CPU cores for parallel processing
[INFO] Configuration: nbins=5, disc_strategy=quantile
[INFO] Log file: /data/users/mbotos/Environments/2026_2_25_PIGS_BTMS+/workingEnvironment/03_network/NETS_MI_CLR_GRNBoost2/network_analysis_20260305_145323.log
[INFO] Report file: /data/users/mbotos/Environments/2026_2_25_PIGS_BTMS+/workingEnvironment/03_network/NETS_MI_CLR_GRNBoost2/analysis_report_20260305_145323.txt
[INFO] Using all available CPU cores for parallel processing
[INFO] Configuration: nbins=5, disc_strategy=quantile
[INFO] Log file: /data/users/mbotos/Environments/2026_2_25_PIGS_BTMS+/workingEnvironment/03_network/NETS_MI_CLR_GRNBoost2/network_analysis_20260305_145323.log
[INFO] Report file: /data/users/mbotos/Environments/2026_2_25_PIGS_BTMS+/workingEnvironment/03_network/NETS_MI_CLR_GRNBoost2/analysis_report_20260305_145323.txt
[INFO] Using all available CPU cores for parallel processing
[INFO] Configuration: nbins=5, disc_strategy=quantile
[INFO] Log file: /data/users/mbotos/Environments/2026_2_25_PIGS_BTMS+/workingEnvironment/03_network/NETS_MI_CLR_GRNBoost2/network_analysis_20260305_145323.log
[INFO] Report file: /data/users/mbotos/Environments/2026_2_25_PIGS_BTMS+/workingEnvironment/03_network/NETS_MI_CLR_GRNBoost2/analysis_report_20260305_145323.txt
[INFO] Using all available CPU cores for parallel processing
[INFO] Configuration: nbins=5, disc_strategy=quantile
[INFO] Log file: /data/users/mbotos/Environments/2026_2_25_PIGS_BTMS+/workingEnvironment/03_network/NETS_MI_CLR_GRNBoost2/network_analysis_20260305_145323.log
[INFO] Report file: /data/users/mbotos/Environments/2026_2_25_PIGS_BTMS+/workingEnvironment/03_network/NETS_MI_CLR_GRNBoost2/analysis_report_20260305_145323.txt
[INFO] Using all available CPU cores for parallel processing
[INFO] Configuration: nbins=5, disc_strategy=quantile
[INFO] Log file: /data/users/mbotos/Environments/2026_2_25_PIGS_BTMS+/workingEnvironment/03_network/NETS_MI_CLR_GRNBoost2/network_analysis_20260305_145323.log
[INFO] Report file: /data/users/mbotos/Environments/2026_2_25_PIGS_BTMS+/workingEnvironment/03_network/NETS_MI_CLR_GRNBoost2/analysis_report_20260305_145323.txt
[INFO] Using all available CPU cores for parallel processing
[INFO] Configuration: nbins=5, disc_strategy=quantile
[INFO] Log file: /data/users/mbotos/Environments/2026_2_25_PIGS_BTMS+/workingEnvironment/03_network/NETS_MI_CLR_GRNBoost2/network_analysis_20260305_145323.log
[INFO] Report file: /data/users/mbotos/Environments/2026_2_25_PIGS_BTMS+/workingEnvironment/03_network/NETS_MI_CLR_GRNBoost2/analysis_report_20260305_145323.txt
[INFO] Using all available CPU cores for parallel processing
[INFO] Configuration: nbins=5, disc_strategy=quantile
[INFO] Log file: /data/users/mbotos/Environments/2026_2_25_PIGS_BTMS+/workingEnvironment/03_network/NETS_MI_CLR_GRNBoost2/network_analysis_20260305_145323.log
[INFO] Report file: /data/users/mbotos/Environments/2026_2_25_PIGS_BTMS+/workingEnvironment/03_network/NETS_MI_CLR_GRNBoost2/analysis_report_20260305_145323.txt
[INFO] Using all available CPU cores for parallel processing
[INFO] Configuration: nbins=5, disc_strategy=quantile
[INFO] Log file: /data/users/mbotos/Environments/2026_2_25_PIGS_BTMS+/workingEnvironment/03_network/NETS_MI_CLR_GRNBoost2/network_analysis_20260305_145323.log
[INFO] Report file: /data/users/mbotos/Environments/2026_2_25_PIGS_BTMS+/workingEnvironment/03_network/NETS_MI_CLR_GRNBoost2/analysis_report_20260305_145323.txt
[INFO] Using all available CPU cores for parallel processing
[INFO] Configuration: nbins=5, disc_strategy=quantile
[INFO] Log file: /data/users/mbotos/Environments/2026_2_25_PIGS_BTMS+/workingEnvironment/03_network/NETS_MI_CLR_GRNBoost2/network_analysis_20260305_145323.log
[INFO] Report file: /data/users/mbotos/Environments/2026_2_25_PIGS_BTMS+/workingEnvironment/03_network/NETS_MI_CLR_GRNBoost2/analysis_report_20260305_145323.txt
[INFO] Using all available CPU cores for parallel processing
[INFO] Configuration: nbins=5, disc_strategy=quantile
[INFO] Log file: /data/users/mbotos/Environments/2026_2_25_PIGS_BTMS+/workingEnvironment/03_network/NETS_MI_CLR_GRNBoost2/network_analysis_20260305_145323.log
[INFO] Report file: /data/users/mbotos/Environments/2026_2_25_PIGS_BTMS+/workingEnvironment/03_network/NETS_MI_CLR_GRNBoost2/analysis_report_20260305_145323.txt
[INFO] Using all available CPU cores for parallel processing
[INFO] Configuration: nbins=5, disc_strategy=quantile
[INFO] Log file: /data/users/mbotos/Environments/2026_2_25_PIGS_BTMS+/workingEnvironment/03_network/NETS_MI_CLR_GRNBoost2/network_analysis_20260305_145323.log
[INFO] Report file: /data/users/mbotos/Environments/2026_2_25_PIGS_BTMS+/workingEnvironment/03_network/NETS_MI_CLR_GRNBoost2/analysis_report_20260305_145323.txt
[INFO] Using all available CPU cores for parallel processing
[INFO] Configuration: nbins=5, disc_strategy=quantile
[INFO] Log file: /data/users/mbotos/Environments/2026_2_25_PIGS_BTMS+/workingEnvironment/03_network/NETS_MI_CLR_GRNBoost2/network_analysis_20260305_145323.log
[INFO] Report file: /data/users/mbotos/Environments/2026_2_25_PIGS_BTMS+/workingEnvironment/03_network/NETS_MI_CLR_GRNBoost2/analysis_report_20260305_145323.txt
[INFO] Using all available CPU cores for parallel processing
[INFO] Configuration: nbins=5, disc_strategy=quantile
[INFO] Log file: /data/users/mbotos/Environments/2026_2_25_PIGS_BTMS+/workingEnvironment/03_network/NETS_MI_CLR_GRNBoost2/network_analysis_20260305_145323.log
[INFO] Report file: /data/users/mbotos/Environments/2026_2_25_PIGS_BTMS+/workingEnvironment/03_network/NETS_MI_CLR_GRNBoost2/analysis_report_20260305_145323.txt
[INFO] Using all available CPU cores for parallel processing
[INFO] Configuration: nbins=5, disc_strategy=quantile
[INFO] Log file: /data/users/mbotos/Environments/2026_2_25_PIGS_BTMS+/workingEnvironment/03_network/NETS_MI_CLR_GRNBoost2/network_analysis_20260305_145323.log
[INFO] Report file: /data/users/mbotos/Environments/2026_2_25_PIGS_BTMS+/workingEnvironment/03_network/NETS_MI_CLR_GRNBoost2/analysis_report_20260305_145323.txt
[INFO] Using all available CPU cores for parallel processing
[INFO] Configuration: nbins=5, disc_strategy=quantile
[INFO] Log file: /data/users/mbotos/Environments/2026_2_25_PIGS_BTMS+/workingEnvironment/03_network/NETS_MI_CLR_GRNBoost2/network_analysis_20260305_145323.log
[INFO] Report file: /data/users/mbotos/Environments/2026_2_25_PIGS_BTMS+/workingEnvironment/03_network/NETS_MI_CLR_GRNBoost2/analysis_report_20260305_145323.txt
[INFO] Using all available CPU cores for parallel processing
[INFO] Configuration: nbins=5, disc_strategy=quantile
[INFO] Log file: /data/users/mbotos/Environments/2026_2_25_PIGS_BTMS+/workingEnvironment/03_network/NETS_MI_CLR_GRNBoost2/network_analysis_20260305_145323.log
[INFO] Report file: /data/users/mbotos/Environments/2026_2_25_PIGS_BTMS+/workingEnvironment/03_network/NETS_MI_CLR_GRNBoost2/analysis_report_20260305_145323.txt
[INFO] Using all available CPU cores for parallel processing
[INFO] Configuration: nbins=5, disc_strategy=quantile
[INFO] Log file: /data/users/mbotos/Environments/2026_2_25_PIGS_BTMS+/workingEnvironment/03_network/NETS_MI_CLR_GRNBoost2/network_analysis_20260305_145323.log
[INFO] Report file: /data/users/mbotos/Environments/2026_2_25_PIGS_BTMS+/workingEnvironment/03_network/NETS_MI_CLR_GRNBoost2/analysis_report_20260305_145323.txt
[INFO] Using all available CPU cores for parallel processing
[INFO] Configuration: nbins=5, disc_strategy=quantile
[INFO] Log file: /data/users/mbotos/Environments/2026_2_25_PIGS_BTMS+/workingEnvironment/03_network/NETS_MI_CLR_GRNBoost2/network_analysis_20260305_145323.log
[INFO] Report file: /data/users/mbotos/Environments/2026_2_25_PIGS_BTMS+/workingEnvironment/03_network/NETS_MI_CLR_GRNBoost2/analysis_report_20260305_145323.txt
[INFO] Using all available CPU cores for parallel processing
[INFO] Configuration: nbins=5, disc_strategy=quantile
[INFO] Log file: /data/users/mbotos/Environments/2026_2_25_PIGS_BTMS+/workingEnvironment/03_network/NETS_MI_CLR_GRNBoost2/network_analysis_20260305_145324.log
[INFO] Report file: /data/users/mbotos/Environments/2026_2_25_PIGS_BTMS+/workingEnvironment/03_network/NETS_MI_CLR_GRNBoost2/analysis_report_20260305_145324.txt
[INFO] Using all available CPU cores for parallel processing
[INFO] Configuration: nbins=5, disc_strategy=quantile
[INFO] Log file: /data/users/mbotos/Environments/2026_2_25_PIGS_BTMS+/workingEnvironment/03_network/NETS_MI_CLR_GRNBoost2/network_analysis_20260305_145324.log
[INFO] Report file: /data/users/mbotos/Environments/2026_2_25_PIGS_BTMS+/workingEnvironment/03_network/NETS_MI_CLR_GRNBoost2/analysis_report_20260305_145324.txt
[INFO] Using all available CPU cores for parallel processing
[INFO] Configuration: nbins=5, disc_strategy=quantile
[INFO] Log file: /data/users/mbotos/Environments/2026_2_25_PIGS_BTMS+/workingEnvironment/03_network/NETS_MI_CLR_GRNBoost2/network_analysis_20260305_145324.log
[INFO] Report file: /data/users/mbotos/Environments/2026_2_25_PIGS_BTMS+/workingEnvironment/03_network/NETS_MI_CLR_GRNBoost2/analysis_report_20260305_145324.txt
[INFO] Using all available CPU cores for parallel processing
[INFO] Configuration: nbins=5, disc_strategy=quantile
[INFO] Log file: /data/users/mbotos/Environments/2026_2_25_PIGS_BTMS+/workingEnvironment/03_network/NETS_MI_CLR_GRNBoost2/network_analysis_20260305_145324.log
[INFO] Report file: /data/users/mbotos/Environments/2026_2_25_PIGS_BTMS+/workingEnvironment/03_network/NETS_MI_CLR_GRNBoost2/analysis_report_20260305_145324.txt
[INFO] Using all available CPU cores for parallel processing
[INFO] Configuration: nbins=5, disc_strategy=quantile
[INFO] Log file: /data/users/mbotos/Environments/2026_2_25_PIGS_BTMS+/workingEnvironment/03_network/NETS_MI_CLR_GRNBoost2/network_analysis_20260305_145324.log
[INFO] Report file: /data/users/mbotos/Environments/2026_2_25_PIGS_BTMS+/workingEnvironment/03_network/NETS_MI_CLR_GRNBoost2/analysis_report_20260305_145324.txt
[INFO] Using all available CPU cores for parallel processing
[INFO] Configuration: nbins=5, disc_strategy=quantile
[INFO] Log file: /data/users/mbotos/Environments/2026_2_25_PIGS_BTMS+/workingEnvironment/03_network/NETS_MI_CLR_GRNBoost2/network_analysis_20260305_145324.log
[INFO] Report file: /data/users/mbotos/Environments/2026_2_25_PIGS_BTMS+/workingEnvironment/03_network/NETS_MI_CLR_GRNBoost2/analysis_report_20260305_145324.txt
[INFO] Using all available CPU cores for parallel processing
[INFO] Configuration: nbins=5, disc_strategy=quantile
[INFO] Log file: /data/users/mbotos/Environments/2026_2_25_PIGS_BTMS+/workingEnvironment/03_network/NETS_MI_CLR_GRNBoost2/network_analysis_20260305_145324.log
[INFO] Report file: /data/users/mbotos/Environments/2026_2_25_PIGS_BTMS+/workingEnvironment/03_network/NETS_MI_CLR_GRNBoost2/analysis_report_20260305_145324.txt
[INFO] Using all available CPU cores for parallel processing
[INFO] Configuration: nbins=5, disc_strategy=quantile
[INFO] Log file: /data/users/mbotos/Environments/2026_2_25_PIGS_BTMS+/workingEnvironment/03_network/NETS_MI_CLR_GRNBoost2/network_analysis_20260305_145324.log
[INFO] Report file: /data/users/mbotos/Environments/2026_2_25_PIGS_BTMS+/workingEnvironment/03_network/NETS_MI_CLR_GRNBoost2/analysis_report_20260305_145324.txt
[INFO] Using all available CPU cores for parallel processing
[INFO] Configuration: nbins=5, disc_strategy=quantile
[INFO] Log file: /data/users/mbotos/Environments/2026_2_25_PIGS_BTMS+/workingEnvironment/03_network/NETS_MI_CLR_GRNBoost2/network_analysis_20260305_145324.log
[INFO] Report file: /data/users/mbotos/Environments/2026_2_25_PIGS_BTMS+/workingEnvironment/03_network/NETS_MI_CLR_GRNBoost2/analysis_report_20260305_145324.txt
[INFO] Using all available CPU cores for parallel processing
[INFO] Configuration: nbins=5, disc_strategy=quantile
[INFO] Log file: /data/users/mbotos/Environments/2026_2_25_PIGS_BTMS+/workingEnvironment/03_network/NETS_MI_CLR_GRNBoost2/network_analysis_20260305_145324.log
[INFO] Report file: /data/users/mbotos/Environments/2026_2_25_PIGS_BTMS+/workingEnvironment/03_network/NETS_MI_CLR_GRNBoost2/analysis_report_20260305_145324.txt
[INFO] Using all available CPU cores for parallel processing
[INFO] Configuration: nbins=5, disc_strategy=quantile
[INFO] Log file: /data/users/mbotos/Environments/2026_2_25_PIGS_BTMS+/workingEnvironment/03_network/NETS_MI_CLR_GRNBoost2/network_analysis_20260305_145324.log
[INFO] Report file: /data/users/mbotos/Environments/2026_2_25_PIGS_BTMS+/workingEnvironment/03_network/NETS_MI_CLR_GRNBoost2/analysis_report_20260305_145324.txt
[INFO] Using all available CPU cores for parallel processing
[INFO] Configuration: nbins=5, disc_strategy=quantile
[INFO] Log file: /data/users/mbotos/Environments/2026_2_25_PIGS_BTMS+/workingEnvironment/03_network/NETS_MI_CLR_GRNBoost2/network_analysis_20260305_145324.log
[INFO] Report file: /data/users/mbotos/Environments/2026_2_25_PIGS_BTMS+/workingEnvironment/03_network/NETS_MI_CLR_GRNBoost2/analysis_report_20260305_145324.txt
[INFO] Using all available CPU cores for parallel processing
[INFO] Configuration: nbins=5, disc_strategy=quantile
[INFO] Log file: /data/users/mbotos/Environments/2026_2_25_PIGS_BTMS+/workingEnvironment/03_network/NETS_MI_CLR_GRNBoost2/network_analysis_20260305_145324.log
[INFO] Report file: /data/users/mbotos/Environments/2026_2_25_PIGS_BTMS+/workingEnvironment/03_network/NETS_MI_CLR_GRNBoost2/analysis_report_20260305_145324.txt
[INFO] Using all available CPU cores for parallel processing
[INFO] Configuration: nbins=5, disc_strategy=quantile
[INFO] Log file: /data/users/mbotos/Environments/2026_2_25_PIGS_BTMS+/workingEnvironment/03_network/NETS_MI_CLR_GRNBoost2/network_analysis_20260305_145324.log
[INFO] Report file: /data/users/mbotos/Environments/2026_2_25_PIGS_BTMS+/workingEnvironment/03_network/NETS_MI_CLR_GRNBoost2/analysis_report_20260305_145324.txt
[INFO] Using all available CPU cores for parallel processing
[INFO] Configuration: nbins=5, disc_strategy=quantile
[INFO] Log file: /data/users/mbotos/Environments/2026_2_25_PIGS_BTMS+/workingEnvironment/03_network/NETS_MI_CLR_GRNBoost2/network_analysis_20260305_145324.log
[INFO] Report file: /data/users/mbotos/Environments/2026_2_25_PIGS_BTMS+/workingEnvironment/03_network/NETS_MI_CLR_GRNBoost2/analysis_report_20260305_145324.txt
[INFO] Using all available CPU cores for parallel processing
[INFO] Configuration: nbins=5, disc_strategy=quantile
[INFO] Log file: /data/users/mbotos/Environments/2026_2_25_PIGS_BTMS+/workingEnvironment/03_network/NETS_MI_CLR_GRNBoost2/network_analysis_20260305_145324.log
[INFO] Report file: /data/users/mbotos/Environments/2026_2_25_PIGS_BTMS+/workingEnvironment/03_network/NETS_MI_CLR_GRNBoost2/analysis_report_20260305_145324.txt
[INFO] Using all available CPU cores for parallel processing
[INFO] Configuration: nbins=5, disc_strategy=quantile
[INFO] Log file: /data/users/mbotos/Environments/2026_2_25_PIGS_BTMS+/workingEnvironment/03_network/NETS_MI_CLR_GRNBoost2/network_analysis_20260305_145326.log
[INFO] Report file: /data/users/mbotos/Environments/2026_2_25_PIGS_BTMS+/workingEnvironment/03_network/NETS_MI_CLR_GRNBoost2/analysis_report_20260305_145326.txt
[INFO] Using all available CPU cores for parallel processing
[INFO] Configuration: nbins=5, disc_strategy=quantile
[INFO] Log file: /data/users/mbotos/Environments/2026_2_25_PIGS_BTMS+/workingEnvironment/03_network/NETS_MI_CLR_GRNBoost2/network_analysis_20260305_145326.log
[INFO] Report file: /data/users/mbotos/Environments/2026_2_25_PIGS_BTMS+/workingEnvironment/03_network/NETS_MI_CLR_GRNBoost2/analysis_report_20260305_145326.txt
[INFO] Using all available CPU cores for parallel processing
[INFO] Configuration: nbins=5, disc_strategy=quantile
[INFO] Log file: /data/users/mbotos/Environments/2026_2_25_PIGS_BTMS+/workingEnvironment/03_network/NETS_MI_CLR_GRNBoost2/network_analysis_20260305_145326.log
[INFO] Report file: /data/users/mbotos/Environments/2026_2_25_PIGS_BTMS+/workingEnvironment/03_network/NETS_MI_CLR_GRNBoost2/analysis_report_20260305_145326.txt
[INFO] Using all available CPU cores for parallel processing
[INFO] Configuration: nbins=5, disc_strategy=quantile
[INFO] Log file: /data/users/mbotos/Environments/2026_2_25_PIGS_BTMS+/workingEnvironment/03_network/NETS_MI_CLR_GRNBoost2/network_analysis_20260305_145326.log
[INFO] Report file: /data/users/mbotos/Environments/2026_2_25_PIGS_BTMS+/workingEnvironment/03_network/NETS_MI_CLR_GRNBoost2/analysis_report_20260305_145326.txt
[INFO] Using all available CPU cores for parallel processing
[INFO] Configuration: nbins=5, disc_strategy=quantile
[INFO] Log file: /data/users/mbotos/Environments/2026_2_25_PIGS_BTMS+/workingEnvironment/03_network/NETS_MI_CLR_GRNBoost2/network_analysis_20260305_145326.log
[INFO] Report file: /data/users/mbotos/Environments/2026_2_25_PIGS_BTMS+/workingEnvironment/03_network/NETS_MI_CLR_GRNBoost2/analysis_report_20260305_145326.txt
[INFO] Using all available CPU cores for parallel processing
[INFO] Configuration: nbins=5, disc_strategy=quantile
[INFO] Log file: /data/users/mbotos/Environments/2026_2_25_PIGS_BTMS+/workingEnvironment/03_network/NETS_MI_CLR_GRNBoost2/network_analysis_20260305_145326.log
[INFO] Report file: /data/users/mbotos/Environments/2026_2_25_PIGS_BTMS+/workingEnvironment/03_network/NETS_MI_CLR_GRNBoost2/analysis_report_20260305_145326.txt
[INFO] Using all available CPU cores for parallel processing
[INFO] Configuration: nbins=5, disc_strategy=quantile
[INFO] Log file: /data/users/mbotos/Environments/2026_2_25_PIGS_BTMS+/workingEnvironment/03_network/NETS_MI_CLR_GRNBoost2/network_analysis_20260305_145326.log
[INFO] Report file: /data/users/mbotos/Environments/2026_2_25_PIGS_BTMS+/workingEnvironment/03_network/NETS_MI_CLR_GRNBoost2/analysis_report_20260305_145326.txt
[INFO] Using all available CPU cores for parallel processing
[INFO] Configuration: nbins=5, disc_strategy=quantile
[INFO] Log file: /data/users/mbotos/Environments/2026_2_25_PIGS_BTMS+/workingEnvironment/03_network/NETS_MI_CLR_GRNBoost2/network_analysis_20260305_145326.log
[INFO] Report file: /data/users/mbotos/Environments/2026_2_25_PIGS_BTMS+/workingEnvironment/03_network/NETS_MI_CLR_GRNBoost2/analysis_report_20260305_145326.txt
[INFO] Using all available CPU cores for parallel processing
[INFO] Configuration: nbins=5, disc_strategy=quantile
[INFO] Log file: /data/users/mbotos/Environments/2026_2_25_PIGS_BTMS+/workingEnvironment/03_network/NETS_MI_CLR_GRNBoost2/network_analysis_20260305_145326.log
[INFO] Report file: /data/users/mbotos/Environments/2026_2_25_PIGS_BTMS+/workingEnvironment/03_network/NETS_MI_CLR_GRNBoost2/analysis_report_20260305_145326.txt
[INFO] Using all available CPU cores for parallel processing
[INFO] Configuration: nbins=5, disc_strategy=quantile
[INFO] Log file: /data/users/mbotos/Environments/2026_2_25_PIGS_BTMS+/workingEnvironment/03_network/NETS_MI_CLR_GRNBoost2/network_analysis_20260305_145326.log
[INFO] Report file: /data/users/mbotos/Environments/2026_2_25_PIGS_BTMS+/workingEnvironment/03_network/NETS_MI_CLR_GRNBoost2/analysis_report_20260305_145326.txt
[INFO] Using all available CPU cores for parallel processing
[INFO] Configuration: nbins=5, disc_strategy=quantile
[INFO] Log file: /data/users/mbotos/Environments/2026_2_25_PIGS_BTMS+/workingEnvironment/03_network/NETS_MI_CLR_GRNBoost2/network_analysis_20260305_145326.log
[INFO] Report file: /data/users/mbotos/Environments/2026_2_25_PIGS_BTMS+/workingEnvironment/03_network/NETS_MI_CLR_GRNBoost2/analysis_report_20260305_145326.txt
[INFO] Using all available CPU cores for parallel processing
[INFO] Configuration: nbins=5, disc_strategy=quantile
[INFO] Log file: /data/users/mbotos/Environments/2026_2_25_PIGS_BTMS+/workingEnvironment/03_network/NETS_MI_CLR_GRNBoost2/network_analysis_20260305_145326.log
[INFO] Report file: /data/users/mbotos/Environments/2026_2_25_PIGS_BTMS+/workingEnvironment/03_network/NETS_MI_CLR_GRNBoost2/analysis_report_20260305_145326.txt
[INFO] Using all available CPU cores for parallel processing
[INFO] Configuration: nbins=5, disc_strategy=quantile
[INFO] Log file: /data/users/mbotos/Environments/2026_2_25_PIGS_BTMS+/workingEnvironment/03_network/NETS_MI_CLR_GRNBoost2/network_analysis_20260305_145326.log
[INFO] Report file: /data/users/mbotos/Environments/2026_2_25_PIGS_BTMS+/workingEnvironment/03_network/NETS_MI_CLR_GRNBoost2/analysis_report_20260305_145326.txt
[INFO] Using all available CPU cores for parallel processing
[INFO] Configuration: nbins=5, disc_strategy=quantile
[INFO] Log file: /data/users/mbotos/Environments/2026_2_25_PIGS_BTMS+/workingEnvironment/03_network/NETS_MI_CLR_GRNBoost2/network_analysis_20260305_145326.log
[INFO] Report file: /data/users/mbotos/Environments/2026_2_25_PIGS_BTMS+/workingEnvironment/03_network/NETS_MI_CLR_GRNBoost2/analysis_report_20260305_145326.txt
[INFO] Using all available CPU cores for parallel processing
[INFO] Configuration: nbins=5, disc_strategy=quantile
[INFO] Log file: /data/users/mbotos/Environments/2026_2_25_PIGS_BTMS+/workingEnvironment/03_network/NETS_MI_CLR_GRNBoost2/network_analysis_20260305_145326.log
[INFO] Report file: /data/users/mbotos/Environments/2026_2_25_PIGS_BTMS+/workingEnvironment/03_network/NETS_MI_CLR_GRNBoost2/analysis_report_20260305_145326.txt
[INFO] Using all available CPU cores for parallel processing
[INFO] Configuration: nbins=5, disc_strategy=quantile
[INFO] Log file: /data/users/mbotos/Environments/2026_2_25_PIGS_BTMS+/workingEnvironment/03_network/NETS_MI_CLR_GRNBoost2/network_analysis_20260305_145326.log
[INFO] Report file: /data/users/mbotos/Environments/2026_2_25_PIGS_BTMS+/workingEnvironment/03_network/NETS_MI_CLR_GRNBoost2/analysis_report_20260305_145326.txt
[INFO] Using all available CPU cores for parallel processing
[INFO] Configuration: nbins=5, disc_strategy=quantile
[INFO] Log file: /data/users/mbotos/Environments/2026_2_25_PIGS_BTMS+/workingEnvironment/03_network/NETS_MI_CLR_GRNBoost2/network_analysis_20260305_145326.log
[INFO] Report file: /data/users/mbotos/Environments/2026_2_25_PIGS_BTMS+/workingEnvironment/03_network/NETS_MI_CLR_GRNBoost2/analysis_report_20260305_145326.txt
[INFO] Using all available CPU cores for parallel processing
[INFO] Configuration: nbins=5, disc_strategy=quantile
[INFO] Log file: /data/users/mbotos/Environments/2026_2_25_PIGS_BTMS+/workingEnvironment/03_network/NETS_MI_CLR_GRNBoost2/network_analysis_20260305_145326.log
[INFO] Report file: /data/users/mbotos/Environments/2026_2_25_PIGS_BTMS+/workingEnvironment/03_network/NETS_MI_CLR_GRNBoost2/analysis_report_20260305_145326.txt
[INFO] Using all available CPU cores for parallel processing
[INFO] Configuration: nbins=5, disc_strategy=quantile
[INFO] Log file: /data/users/mbotos/Environments/2026_2_25_PIGS_BTMS+/workingEnvironment/03_network/NETS_MI_CLR_GRNBoost2/network_analysis_20260305_145326.log
[INFO] Report file: /data/users/mbotos/Environments/2026_2_25_PIGS_BTMS+/workingEnvironment/03_network/NETS_MI_CLR_GRNBoost2/analysis_report_20260305_145326.txt
[INFO] Using all available CPU cores for parallel processing
[INFO] Configuration: nbins=5, disc_strategy=quantile
[INFO] Log file: /data/users/mbotos/Environments/2026_2_25_PIGS_BTMS+/workingEnvironment/03_network/NETS_MI_CLR_GRNBoost2/network_analysis_20260305_145327.log
[INFO] Report file: /data/users/mbotos/Environments/2026_2_25_PIGS_BTMS+/workingEnvironment/03_network/NETS_MI_CLR_GRNBoost2/analysis_report_20260305_145327.txt
[INFO] Using all available CPU cores for parallel processing
[INFO] Configuration: nbins=5, disc_strategy=quantile
[INFO] Log file: /data/users/mbotos/Environments/2026_2_25_PIGS_BTMS+/workingEnvironment/03_network/NETS_MI_CLR_GRNBoost2/network_analysis_20260305_145327.log
[INFO] Report file: /data/users/mbotos/Environments/2026_2_25_PIGS_BTMS+/workingEnvironment/03_network/NETS_MI_CLR_GRNBoost2/analysis_report_20260305_145327.txt
[INFO] Using all available CPU cores for parallel processing
[INFO] Configuration: nbins=5, disc_strategy=quantile
[INFO] Log file: /data/users/mbotos/Environments/2026_2_25_PIGS_BTMS+/workingEnvironment/03_network/NETS_MI_CLR_GRNBoost2/network_analysis_20260305_145327.log
[INFO] Report file: /data/users/mbotos/Environments/2026_2_25_PIGS_BTMS+/workingEnvironment/03_network/NETS_MI_CLR_GRNBoost2/analysis_report_20260305_145327.txt
[INFO] Using all available CPU cores for parallel processing
[INFO] Configuration: nbins=5, disc_strategy=quantile
[INFO] Log file: /data/users/mbotos/Environments/2026_2_25_PIGS_BTMS+/workingEnvironment/03_network/NETS_MI_CLR_GRNBoost2/network_analysis_20260305_145327.log
[INFO] Report file: /data/users/mbotos/Environments/2026_2_25_PIGS_BTMS+/workingEnvironment/03_network/NETS_MI_CLR_GRNBoost2/analysis_report_20260305_145327.txt
[INFO] Using all available CPU cores for parallel processing
[INFO] Configuration: nbins=5, disc_strategy=quantile
[INFO] Log file: /data/users/mbotos/Environments/2026_2_25_PIGS_BTMS+/workingEnvironment/03_network/NETS_MI_CLR_GRNBoost2/network_analysis_20260305_145327.log
[INFO] Report file: /data/users/mbotos/Environments/2026_2_25_PIGS_BTMS+/workingEnvironment/03_network/NETS_MI_CLR_GRNBoost2/analysis_report_20260305_145327.txt
[INFO] Using all available CPU cores for parallel processing
[INFO] Configuration: nbins=5, disc_strategy=quantile
[INFO] Log file: /data/users/mbotos/Environments/2026_2_25_PIGS_BTMS+/workingEnvironment/03_network/NETS_MI_CLR_GRNBoost2/network_analysis_20260305_145327.log
[INFO] Report file: /data/users/mbotos/Environments/2026_2_25_PIGS_BTMS+/workingEnvironment/03_network/NETS_MI_CLR_GRNBoost2/analysis_report_20260305_145327.txt
[INFO] Using all available CPU cores for parallel processing
[INFO] Configuration: nbins=5, disc_strategy=quantile
[INFO] Log file: /data/users/mbotos/Environments/2026_2_25_PIGS_BTMS+/workingEnvironment/03_network/NETS_MI_CLR_GRNBoost2/network_analysis_20260305_145327.log
[INFO] Report file: /data/users/mbotos/Environments/2026_2_25_PIGS_BTMS+/workingEnvironment/03_network/NETS_MI_CLR_GRNBoost2/analysis_report_20260305_145327.txt
[INFO] Using all available CPU cores for parallel processing
[INFO] Configuration: nbins=5, disc_strategy=quantile
[INFO] Log file: /data/users/mbotos/Environments/2026_2_25_PIGS_BTMS+/workingEnvironment/03_network/NETS_MI_CLR_GRNBoost2/network_analysis_20260305_145327.log
[INFO] Report file: /data/users/mbotos/Environments/2026_2_25_PIGS_BTMS+/workingEnvironment/03_network/NETS_MI_CLR_GRNBoost2/analysis_report_20260305_145327.txt
[INFO] Using all available CPU cores for parallel processing
[INFO] Configuration: nbins=5, disc_strategy=quantile
[INFO] Log file: /data/users/mbotos/Environments/2026_2_25_PIGS_BTMS+/workingEnvironment/03_network/NETS_MI_CLR_GRNBoost2/network_analysis_20260305_145327.log
[INFO] Report file: /data/users/mbotos/Environments/2026_2_25_PIGS_BTMS+/workingEnvironment/03_network/NETS_MI_CLR_GRNBoost2/analysis_report_20260305_145327.txt
[INFO] Dask dashboard: http://127.0.0.1:8787/status
preparing dask client
parsing input
creating dask graph
